INFO: [VRFC 10-2263] Analyzing Verilog file "D:/Uni/AES_PROJEKT/audio/audio.sim/sim_1/impl/timing/xsim/design_1_wrapper_time_impl.v" into library xil_defaultlib
INFO: [VRFC 10-311] analyzing module IOBUF_UNIQ_BASE_
INFO: [VRFC 10-311] analyzing module IOBUF_HD10
INFO: [VRFC 10-311] analyzing module IOBUF_HD11
INFO: [VRFC 10-311] analyzing module IOBUF_HD12
INFO: [VRFC 10-311] analyzing module design_1
INFO: [VRFC 10-311] analyzing module design_1_auto_pc_0
INFO: [VRFC 10-311] analyzing module design_1_auto_pc_0_axi_protocol_converter_v2_1_17_axi_protocol_converter
INFO: [VRFC 10-311] analyzing module design_1_auto_pc_0_axi_protocol_converter_v2_1_17_b2s
INFO: [VRFC 10-311] analyzing module design_1_auto_pc_0_axi_protocol_converter_v2_1_17_b2s_ar_channel
INFO: [VRFC 10-311] analyzing module design_1_auto_pc_0_axi_protocol_converter_v2_1_17_b2s_aw_channel
INFO: [VRFC 10-311] analyzing module design_1_auto_pc_0_axi_protocol_converter_v2_1_17_b2s_b_channel
INFO: [VRFC 10-311] analyzing module design_1_auto_pc_0_axi_protocol_converter_v2_1_17_b2s_cmd_translator
INFO: [VRFC 10-311] analyzing module design_1_auto_pc_0_axi_protocol_converter_v2_1_17_b2s_cmd_translator_1
INFO: [VRFC 10-311] analyzing module design_1_auto_pc_0_axi_protocol_converter_v2_1_17_b2s_incr_cmd
INFO: [VRFC 10-311] analyzing module design_1_auto_pc_0_axi_protocol_converter_v2_1_17_b2s_incr_cmd_2
INFO: [VRFC 10-311] analyzing module design_1_auto_pc_0_axi_protocol_converter_v2_1_17_b2s_r_channel
INFO: [VRFC 10-311] analyzing module design_1_auto_pc_0_axi_protocol_converter_v2_1_17_b2s_rd_cmd_fsm
INFO: [VRFC 10-311] analyzing module design_1_auto_pc_0_axi_protocol_converter_v2_1_17_b2s_simple_fifo
INFO: [VRFC 10-311] analyzing module design_1_auto_pc_0_axi_protocol_converter_v2_1_17_b2s_simple_fifo__parameterized0
INFO: [VRFC 10-311] analyzing module design_1_auto_pc_0_axi_protocol_converter_v2_1_17_b2s_simple_fifo__parameterized1
INFO: [VRFC 10-311] analyzing module design_1_auto_pc_0_axi_protocol_converter_v2_1_17_b2s_simple_fifo__parameterized2
INFO: [VRFC 10-311] analyzing module design_1_auto_pc_0_axi_protocol_converter_v2_1_17_b2s_wr_cmd_fsm
INFO: [VRFC 10-311] analyzing module design_1_auto_pc_0_axi_protocol_converter_v2_1_17_b2s_wrap_cmd
INFO: [VRFC 10-311] analyzing module design_1_auto_pc_0_axi_protocol_converter_v2_1_17_b2s_wrap_cmd_3
INFO: [VRFC 10-311] analyzing module design_1_auto_pc_0_axi_register_slice_v2_1_17_axi_register_slice
INFO: [VRFC 10-311] analyzing module design_1_auto_pc_0_axi_register_slice_v2_1_17_axic_register_slice
INFO: [VRFC 10-311] analyzing module design_1_auto_pc_0_axi_register_slice_v2_1_17_axic_register_slice_0
INFO: [VRFC 10-311] analyzing module design_1_auto_pc_0_axi_register_slice_v2_1_17_axic_register_slice__parameterized1
INFO: [VRFC 10-311] analyzing module design_1_auto_pc_0_axi_register_slice_v2_1_17_axic_register_slice__parameterized2
INFO: [VRFC 10-311] analyzing module design_1_axi_gpio_0_0
INFO: [VRFC 10-311] analyzing module design_1_axi_gpio_0_0_GPIO_Core
INFO: [VRFC 10-311] analyzing module design_1_axi_gpio_0_0_address_decoder
INFO: [VRFC 10-311] analyzing module design_1_axi_gpio_0_0_axi_gpio
INFO: [VRFC 10-311] analyzing module design_1_axi_gpio_0_0_axi_lite_ipif
INFO: [VRFC 10-311] analyzing module design_1_axi_gpio_0_0_cdc_sync
INFO: [VRFC 10-311] analyzing module design_1_axi_gpio_0_0_pselect_f
INFO: [VRFC 10-311] analyzing module design_1_axi_gpio_0_0_pselect_f__parameterized1
INFO: [VRFC 10-311] analyzing module design_1_axi_gpio_0_0_slave_attachment
INFO: [VRFC 10-311] analyzing module design_1_axi_quad_spi_0_0
INFO: [VRFC 10-311] analyzing module design_1_axi_quad_spi_0_0_address_decoder
INFO: [VRFC 10-311] analyzing module design_1_axi_quad_spi_0_0_axi_lite_ipif
INFO: [VRFC 10-311] analyzing module design_1_axi_quad_spi_0_0_axi_lite_ipif_v3_0_4_pselect_f__parameterized0
INFO: [VRFC 10-311] analyzing module design_1_axi_quad_spi_0_0_axi_lite_ipif_v3_0_4_pselect_f__parameterized1
INFO: [VRFC 10-311] analyzing module design_1_axi_quad_spi_0_0_axi_lite_ipif_v3_0_4_pselect_f__parameterized10
INFO: [VRFC 10-311] analyzing module design_1_axi_quad_spi_0_0_axi_lite_ipif_v3_0_4_pselect_f__parameterized11
INFO: [VRFC 10-311] analyzing module design_1_axi_quad_spi_0_0_axi_lite_ipif_v3_0_4_pselect_f__parameterized12
INFO: [VRFC 10-311] analyzing module design_1_axi_quad_spi_0_0_axi_lite_ipif_v3_0_4_pselect_f__parameterized13
INFO: [VRFC 10-311] analyzing module design_1_axi_quad_spi_0_0_axi_lite_ipif_v3_0_4_pselect_f__parameterized14
INFO: [VRFC 10-311] analyzing module design_1_axi_quad_spi_0_0_axi_lite_ipif_v3_0_4_pselect_f__parameterized19
INFO: [VRFC 10-311] analyzing module design_1_axi_quad_spi_0_0_axi_lite_ipif_v3_0_4_pselect_f__parameterized19_0
INFO: [VRFC 10-311] analyzing module design_1_axi_quad_spi_0_0_axi_lite_ipif_v3_0_4_pselect_f__parameterized2
INFO: [VRFC 10-311] analyzing module design_1_axi_quad_spi_0_0_axi_lite_ipif_v3_0_4_pselect_f__parameterized23
INFO: [VRFC 10-311] analyzing module design_1_axi_quad_spi_0_0_axi_lite_ipif_v3_0_4_pselect_f__parameterized23_1
INFO: [VRFC 10-311] analyzing module design_1_axi_quad_spi_0_0_axi_lite_ipif_v3_0_4_pselect_f__parameterized3
INFO: [VRFC 10-311] analyzing module design_1_axi_quad_spi_0_0_axi_lite_ipif_v3_0_4_pselect_f__parameterized4
INFO: [VRFC 10-311] analyzing module design_1_axi_quad_spi_0_0_axi_lite_ipif_v3_0_4_pselect_f__parameterized5
INFO: [VRFC 10-311] analyzing module design_1_axi_quad_spi_0_0_axi_lite_ipif_v3_0_4_pselect_f__parameterized6
INFO: [VRFC 10-311] analyzing module design_1_axi_quad_spi_0_0_axi_lite_ipif_v3_0_4_pselect_f__parameterized7
INFO: [VRFC 10-311] analyzing module design_1_axi_quad_spi_0_0_axi_lite_ipif_v3_0_4_pselect_f__parameterized8
INFO: [VRFC 10-311] analyzing module design_1_axi_quad_spi_0_0_axi_lite_ipif_v3_0_4_pselect_f__parameterized9
INFO: [VRFC 10-311] analyzing module design_1_axi_quad_spi_0_0_axi_quad_spi
INFO: [VRFC 10-311] analyzing module design_1_axi_quad_spi_0_0_axi_quad_spi_top
INFO: [VRFC 10-311] analyzing module design_1_axi_quad_spi_0_0_cdc_sync
INFO: [VRFC 10-311] analyzing module design_1_axi_quad_spi_0_0_cross_clk_sync_fifo_0
INFO: [VRFC 10-311] analyzing module design_1_axi_quad_spi_0_0_interrupt_control
INFO: [VRFC 10-311] analyzing module design_1_axi_quad_spi_0_0_qspi_cntrl_reg
INFO: [VRFC 10-311] analyzing module design_1_axi_quad_spi_0_0_qspi_core_interface
INFO: [VRFC 10-311] analyzing module design_1_axi_quad_spi_0_0_qspi_mode_0_module
INFO: [VRFC 10-311] analyzing module design_1_axi_quad_spi_0_0_qspi_receive_transmit_reg
INFO: [VRFC 10-311] analyzing module design_1_axi_quad_spi_0_0_qspi_status_slave_sel_reg
INFO: [VRFC 10-311] analyzing module design_1_axi_quad_spi_0_0_reset_sync_module
INFO: [VRFC 10-311] analyzing module design_1_axi_quad_spi_0_0_slave_attachment
INFO: [VRFC 10-311] analyzing module design_1_axi_quad_spi_0_0_soft_reset
INFO: [VRFC 10-311] analyzing module design_1_processing_system7_0_0
INFO: [VRFC 10-311] analyzing module design_1_processing_system7_0_0_processing_system7_v5_5_processing_system7
INFO: [VRFC 10-311] analyzing module design_1_ps7_0_axi_periph_0
INFO: [VRFC 10-311] analyzing module design_1_rst_ps7_0_100M_0
INFO: [VRFC 10-311] analyzing module design_1_rst_ps7_0_100M_0_cdc_sync
INFO: [VRFC 10-311] analyzing module design_1_rst_ps7_0_100M_0_cdc_sync_0
INFO: [VRFC 10-311] analyzing module design_1_rst_ps7_0_100M_0_lpf
INFO: [VRFC 10-311] analyzing module design_1_rst_ps7_0_100M_0_proc_sys_reset
INFO: [VRFC 10-311] analyzing module design_1_rst_ps7_0_100M_0_sequence_psr
INFO: [VRFC 10-311] analyzing module design_1_rst_ps7_0_100M_0_upcnt_n
INFO: [VRFC 10-311] analyzing module design_1_wrapper
INFO: [VRFC 10-311] analyzing module design_1_xbar_0
INFO: [VRFC 10-311] analyzing module design_1_xbar_0_axi_crossbar_v2_1_18_addr_arbiter_sasd
INFO: [VRFC 10-311] analyzing module design_1_xbar_0_axi_crossbar_v2_1_18_axi_crossbar
INFO: [VRFC 10-311] analyzing module design_1_xbar_0_axi_crossbar_v2_1_18_crossbar_sasd
INFO: [VRFC 10-311] analyzing module design_1_xbar_0_axi_crossbar_v2_1_18_decerr_slave
INFO: [VRFC 10-311] analyzing module design_1_xbar_0_axi_crossbar_v2_1_18_splitter
INFO: [VRFC 10-311] analyzing module design_1_xbar_0_axi_crossbar_v2_1_18_splitter__parameterized0
INFO: [VRFC 10-311] analyzing module design_1_xbar_0_axi_register_slice_v2_1_17_axic_register_slice
INFO: [VRFC 10-311] analyzing module s00_couplers_imp_UYSKKA
INFO: [VRFC 10-311] analyzing module glbl
