Copyright 1986-2018 Xilinx, Inc. All Rights Reserved.
-----------------------------------------------------------------------------------------------------------------------------------------------------------------------------------
| Tool Version : Vivado v.2018.2 (lin64) Build 2258646 Thu Jun 14 20:02:38 MDT 2018
| Date         : Mon Nov 12 21:25:06 2018
| Host         : niklas-desktop running 64-bit Ubuntu 18.04.1 LTS
| Command      : report_methodology -file ComplexMultiply_methodology_drc_routed.rpt -pb ComplexMultiply_methodology_drc_routed.pb -rpx ComplexMultiply_methodology_drc_routed.rpx
| Design       : ComplexMultiply
| Device       : xc7z020clg484-1
| Speed File   : -1
| Design State : Routed
-----------------------------------------------------------------------------------------------------------------------------------------------------------------------------------

Report Methodology

Table of Contents
-----------------
1. REPORT SUMMARY
2. REPORT DETAILS

1. REPORT SUMMARY
-----------------
            Netlist: netlist
          Floorplan: design_1
      Design limits: <entire design considered>
             Max violations: <unlimited>
             Violations found: 145
+-----------+----------+-------------------------------+------------+
| Rule      | Severity | Description                   | Violations |
+-----------+----------+-------------------------------+------------+
| TIMING-18 | Warning  | Missing input or output delay | 145        |
+-----------+----------+-------------------------------+------------+

2. REPORT DETAILS
-----------------
TIMING-18#1 Warning
Missing input or output delay  
An input delay is missing on i_a_complex[0] relative to clock(s) i_clk
Related violations: <none>

TIMING-18#2 Warning
Missing input or output delay  
An input delay is missing on i_a_complex[10] relative to clock(s) i_clk
Related violations: <none>

TIMING-18#3 Warning
Missing input or output delay  
An input delay is missing on i_a_complex[11] relative to clock(s) i_clk
Related violations: <none>

TIMING-18#4 Warning
Missing input or output delay  
An input delay is missing on i_a_complex[12] relative to clock(s) i_clk
Related violations: <none>

TIMING-18#5 Warning
Missing input or output delay  
An input delay is missing on i_a_complex[13] relative to clock(s) i_clk
Related violations: <none>

TIMING-18#6 Warning
Missing input or output delay  
An input delay is missing on i_a_complex[14] relative to clock(s) i_clk
Related violations: <none>

TIMING-18#7 Warning
Missing input or output delay  
An input delay is missing on i_a_complex[15] relative to clock(s) i_clk
Related violations: <none>

TIMING-18#8 Warning
Missing input or output delay  
An input delay is missing on i_a_complex[16] relative to clock(s) i_clk
Related violations: <none>

TIMING-18#9 Warning
Missing input or output delay  
An input delay is missing on i_a_complex[17] relative to clock(s) i_clk
Related violations: <none>

TIMING-18#10 Warning
Missing input or output delay  
An input delay is missing on i_a_complex[1] relative to clock(s) i_clk
Related violations: <none>

TIMING-18#11 Warning
Missing input or output delay  
An input delay is missing on i_a_complex[2] relative to clock(s) i_clk
Related violations: <none>

TIMING-18#12 Warning
Missing input or output delay  
An input delay is missing on i_a_complex[3] relative to clock(s) i_clk
Related violations: <none>

TIMING-18#13 Warning
Missing input or output delay  
An input delay is missing on i_a_complex[4] relative to clock(s) i_clk
Related violations: <none>

TIMING-18#14 Warning
Missing input or output delay  
An input delay is missing on i_a_complex[5] relative to clock(s) i_clk
Related violations: <none>

TIMING-18#15 Warning
Missing input or output delay  
An input delay is missing on i_a_complex[6] relative to clock(s) i_clk
Related violations: <none>

TIMING-18#16 Warning
Missing input or output delay  
An input delay is missing on i_a_complex[7] relative to clock(s) i_clk
Related violations: <none>

TIMING-18#17 Warning
Missing input or output delay  
An input delay is missing on i_a_complex[8] relative to clock(s) i_clk
Related violations: <none>

TIMING-18#18 Warning
Missing input or output delay  
An input delay is missing on i_a_complex[9] relative to clock(s) i_clk
Related violations: <none>

TIMING-18#19 Warning
Missing input or output delay  
An input delay is missing on i_a_real[0] relative to clock(s) i_clk
Related violations: <none>

TIMING-18#20 Warning
Missing input or output delay  
An input delay is missing on i_a_real[10] relative to clock(s) i_clk
Related violations: <none>

TIMING-18#21 Warning
Missing input or output delay  
An input delay is missing on i_a_real[11] relative to clock(s) i_clk
Related violations: <none>

TIMING-18#22 Warning
Missing input or output delay  
An input delay is missing on i_a_real[12] relative to clock(s) i_clk
Related violations: <none>

TIMING-18#23 Warning
Missing input or output delay  
An input delay is missing on i_a_real[13] relative to clock(s) i_clk
Related violations: <none>

TIMING-18#24 Warning
Missing input or output delay  
An input delay is missing on i_a_real[14] relative to clock(s) i_clk
Related violations: <none>

TIMING-18#25 Warning
Missing input or output delay  
An input delay is missing on i_a_real[15] relative to clock(s) i_clk
Related violations: <none>

TIMING-18#26 Warning
Missing input or output delay  
An input delay is missing on i_a_real[16] relative to clock(s) i_clk
Related violations: <none>

TIMING-18#27 Warning
Missing input or output delay  
An input delay is missing on i_a_real[17] relative to clock(s) i_clk
Related violations: <none>

TIMING-18#28 Warning
Missing input or output delay  
An input delay is missing on i_a_real[1] relative to clock(s) i_clk
Related violations: <none>

TIMING-18#29 Warning
Missing input or output delay  
An input delay is missing on i_a_real[2] relative to clock(s) i_clk
Related violations: <none>

TIMING-18#30 Warning
Missing input or output delay  
An input delay is missing on i_a_real[3] relative to clock(s) i_clk
Related violations: <none>

TIMING-18#31 Warning
Missing input or output delay  
An input delay is missing on i_a_real[4] relative to clock(s) i_clk
Related violations: <none>

TIMING-18#32 Warning
Missing input or output delay  
An input delay is missing on i_a_real[5] relative to clock(s) i_clk
Related violations: <none>

TIMING-18#33 Warning
Missing input or output delay  
An input delay is missing on i_a_real[6] relative to clock(s) i_clk
Related violations: <none>

TIMING-18#34 Warning
Missing input or output delay  
An input delay is missing on i_a_real[7] relative to clock(s) i_clk
Related violations: <none>

TIMING-18#35 Warning
Missing input or output delay  
An input delay is missing on i_a_real[8] relative to clock(s) i_clk
Related violations: <none>

TIMING-18#36 Warning
Missing input or output delay  
An input delay is missing on i_a_real[9] relative to clock(s) i_clk
Related violations: <none>

TIMING-18#37 Warning
Missing input or output delay  
An input delay is missing on i_b_complex[0] relative to clock(s) i_clk
Related violations: <none>

TIMING-18#38 Warning
Missing input or output delay  
An input delay is missing on i_b_complex[10] relative to clock(s) i_clk
Related violations: <none>

TIMING-18#39 Warning
Missing input or output delay  
An input delay is missing on i_b_complex[11] relative to clock(s) i_clk
Related violations: <none>

TIMING-18#40 Warning
Missing input or output delay  
An input delay is missing on i_b_complex[12] relative to clock(s) i_clk
Related violations: <none>

TIMING-18#41 Warning
Missing input or output delay  
An input delay is missing on i_b_complex[13] relative to clock(s) i_clk
Related violations: <none>

TIMING-18#42 Warning
Missing input or output delay  
An input delay is missing on i_b_complex[14] relative to clock(s) i_clk
Related violations: <none>

TIMING-18#43 Warning
Missing input or output delay  
An input delay is missing on i_b_complex[15] relative to clock(s) i_clk
Related violations: <none>

TIMING-18#44 Warning
Missing input or output delay  
An input delay is missing on i_b_complex[16] relative to clock(s) i_clk
Related violations: <none>

TIMING-18#45 Warning
Missing input or output delay  
An input delay is missing on i_b_complex[17] relative to clock(s) i_clk
Related violations: <none>

TIMING-18#46 Warning
Missing input or output delay  
An input delay is missing on i_b_complex[1] relative to clock(s) i_clk
Related violations: <none>

TIMING-18#47 Warning
Missing input or output delay  
An input delay is missing on i_b_complex[2] relative to clock(s) i_clk
Related violations: <none>

TIMING-18#48 Warning
Missing input or output delay  
An input delay is missing on i_b_complex[3] relative to clock(s) i_clk
Related violations: <none>

TIMING-18#49 Warning
Missing input or output delay  
An input delay is missing on i_b_complex[4] relative to clock(s) i_clk
Related violations: <none>

TIMING-18#50 Warning
Missing input or output delay  
An input delay is missing on i_b_complex[5] relative to clock(s) i_clk
Related violations: <none>

TIMING-18#51 Warning
Missing input or output delay  
An input delay is missing on i_b_complex[6] relative to clock(s) i_clk
Related violations: <none>

TIMING-18#52 Warning
Missing input or output delay  
An input delay is missing on i_b_complex[7] relative to clock(s) i_clk
Related violations: <none>

TIMING-18#53 Warning
Missing input or output delay  
An input delay is missing on i_b_complex[8] relative to clock(s) i_clk
Related violations: <none>

TIMING-18#54 Warning
Missing input or output delay  
An input delay is missing on i_b_complex[9] relative to clock(s) i_clk
Related violations: <none>

TIMING-18#55 Warning
Missing input or output delay  
An input delay is missing on i_b_real[0] relative to clock(s) i_clk
Related violations: <none>

TIMING-18#56 Warning
Missing input or output delay  
An input delay is missing on i_b_real[10] relative to clock(s) i_clk
Related violations: <none>

TIMING-18#57 Warning
Missing input or output delay  
An input delay is missing on i_b_real[11] relative to clock(s) i_clk
Related violations: <none>

TIMING-18#58 Warning
Missing input or output delay  
An input delay is missing on i_b_real[12] relative to clock(s) i_clk
Related violations: <none>

TIMING-18#59 Warning
Missing input or output delay  
An input delay is missing on i_b_real[13] relative to clock(s) i_clk
Related violations: <none>

TIMING-18#60 Warning
Missing input or output delay  
An input delay is missing on i_b_real[14] relative to clock(s) i_clk
Related violations: <none>

TIMING-18#61 Warning
Missing input or output delay  
An input delay is missing on i_b_real[15] relative to clock(s) i_clk
Related violations: <none>

TIMING-18#62 Warning
Missing input or output delay  
An input delay is missing on i_b_real[16] relative to clock(s) i_clk
Related violations: <none>

TIMING-18#63 Warning
Missing input or output delay  
An input delay is missing on i_b_real[17] relative to clock(s) i_clk
Related violations: <none>

TIMING-18#64 Warning
Missing input or output delay  
An input delay is missing on i_b_real[1] relative to clock(s) i_clk
Related violations: <none>

TIMING-18#65 Warning
Missing input or output delay  
An input delay is missing on i_b_real[2] relative to clock(s) i_clk
Related violations: <none>

TIMING-18#66 Warning
Missing input or output delay  
An input delay is missing on i_b_real[3] relative to clock(s) i_clk
Related violations: <none>

TIMING-18#67 Warning
Missing input or output delay  
An input delay is missing on i_b_real[4] relative to clock(s) i_clk
Related violations: <none>

TIMING-18#68 Warning
Missing input or output delay  
An input delay is missing on i_b_real[5] relative to clock(s) i_clk
Related violations: <none>

TIMING-18#69 Warning
Missing input or output delay  
An input delay is missing on i_b_real[6] relative to clock(s) i_clk
Related violations: <none>

TIMING-18#70 Warning
Missing input or output delay  
An input delay is missing on i_b_real[7] relative to clock(s) i_clk
Related violations: <none>

TIMING-18#71 Warning
Missing input or output delay  
An input delay is missing on i_b_real[8] relative to clock(s) i_clk
Related violations: <none>

TIMING-18#72 Warning
Missing input or output delay  
An input delay is missing on i_b_real[9] relative to clock(s) i_clk
Related violations: <none>

TIMING-18#73 Warning
Missing input or output delay  
An input delay is missing on i_reset relative to clock(s) i_clk
Related violations: <none>

TIMING-18#74 Warning
Missing input or output delay  
An output delay is missing on o_q_complex[0] relative to clock(s) i_clk
Related violations: <none>

TIMING-18#75 Warning
Missing input or output delay  
An output delay is missing on o_q_complex[10] relative to clock(s) i_clk
Related violations: <none>

TIMING-18#76 Warning
Missing input or output delay  
An output delay is missing on o_q_complex[11] relative to clock(s) i_clk
Related violations: <none>

TIMING-18#77 Warning
Missing input or output delay  
An output delay is missing on o_q_complex[12] relative to clock(s) i_clk
Related violations: <none>

TIMING-18#78 Warning
Missing input or output delay  
An output delay is missing on o_q_complex[13] relative to clock(s) i_clk
Related violations: <none>

TIMING-18#79 Warning
Missing input or output delay  
An output delay is missing on o_q_complex[14] relative to clock(s) i_clk
Related violations: <none>

TIMING-18#80 Warning
Missing input or output delay  
An output delay is missing on o_q_complex[15] relative to clock(s) i_clk
Related violations: <none>

TIMING-18#81 Warning
Missing input or output delay  
An output delay is missing on o_q_complex[16] relative to clock(s) i_clk
Related violations: <none>

TIMING-18#82 Warning
Missing input or output delay  
An output delay is missing on o_q_complex[17] relative to clock(s) i_clk
Related violations: <none>

TIMING-18#83 Warning
Missing input or output delay  
An output delay is missing on o_q_complex[18] relative to clock(s) i_clk
Related violations: <none>

TIMING-18#84 Warning
Missing input or output delay  
An output delay is missing on o_q_complex[19] relative to clock(s) i_clk
Related violations: <none>

TIMING-18#85 Warning
Missing input or output delay  
An output delay is missing on o_q_complex[1] relative to clock(s) i_clk
Related violations: <none>

TIMING-18#86 Warning
Missing input or output delay  
An output delay is missing on o_q_complex[20] relative to clock(s) i_clk
Related violations: <none>

TIMING-18#87 Warning
Missing input or output delay  
An output delay is missing on o_q_complex[21] relative to clock(s) i_clk
Related violations: <none>

TIMING-18#88 Warning
Missing input or output delay  
An output delay is missing on o_q_complex[22] relative to clock(s) i_clk
Related violations: <none>

TIMING-18#89 Warning
Missing input or output delay  
An output delay is missing on o_q_complex[23] relative to clock(s) i_clk
Related violations: <none>

TIMING-18#90 Warning
Missing input or output delay  
An output delay is missing on o_q_complex[24] relative to clock(s) i_clk
Related violations: <none>

TIMING-18#91 Warning
Missing input or output delay  
An output delay is missing on o_q_complex[25] relative to clock(s) i_clk
Related violations: <none>

TIMING-18#92 Warning
Missing input or output delay  
An output delay is missing on o_q_complex[26] relative to clock(s) i_clk
Related violations: <none>

TIMING-18#93 Warning
Missing input or output delay  
An output delay is missing on o_q_complex[27] relative to clock(s) i_clk
Related violations: <none>

TIMING-18#94 Warning
Missing input or output delay  
An output delay is missing on o_q_complex[28] relative to clock(s) i_clk
Related violations: <none>

TIMING-18#95 Warning
Missing input or output delay  
An output delay is missing on o_q_complex[29] relative to clock(s) i_clk
Related violations: <none>

TIMING-18#96 Warning
Missing input or output delay  
An output delay is missing on o_q_complex[2] relative to clock(s) i_clk
Related violations: <none>

TIMING-18#97 Warning
Missing input or output delay  
An output delay is missing on o_q_complex[30] relative to clock(s) i_clk
Related violations: <none>

TIMING-18#98 Warning
Missing input or output delay  
An output delay is missing on o_q_complex[31] relative to clock(s) i_clk
Related violations: <none>

TIMING-18#99 Warning
Missing input or output delay  
An output delay is missing on o_q_complex[32] relative to clock(s) i_clk
Related violations: <none>

TIMING-18#100 Warning
Missing input or output delay  
An output delay is missing on o_q_complex[33] relative to clock(s) i_clk
Related violations: <none>

TIMING-18#101 Warning
Missing input or output delay  
An output delay is missing on o_q_complex[34] relative to clock(s) i_clk
Related violations: <none>

TIMING-18#102 Warning
Missing input or output delay  
An output delay is missing on o_q_complex[35] relative to clock(s) i_clk
Related violations: <none>

TIMING-18#103 Warning
Missing input or output delay  
An output delay is missing on o_q_complex[3] relative to clock(s) i_clk
Related violations: <none>

TIMING-18#104 Warning
Missing input or output delay  
An output delay is missing on o_q_complex[4] relative to clock(s) i_clk
Related violations: <none>

TIMING-18#105 Warning
Missing input or output delay  
An output delay is missing on o_q_complex[5] relative to clock(s) i_clk
Related violations: <none>

TIMING-18#106 Warning
Missing input or output delay  
An output delay is missing on o_q_complex[6] relative to clock(s) i_clk
Related violations: <none>

TIMING-18#107 Warning
Missing input or output delay  
An output delay is missing on o_q_complex[7] relative to clock(s) i_clk
Related violations: <none>

TIMING-18#108 Warning
Missing input or output delay  
An output delay is missing on o_q_complex[8] relative to clock(s) i_clk
Related violations: <none>

TIMING-18#109 Warning
Missing input or output delay  
An output delay is missing on o_q_complex[9] relative to clock(s) i_clk
Related violations: <none>

TIMING-18#110 Warning
Missing input or output delay  
An output delay is missing on o_q_real[0] relative to clock(s) i_clk
Related violations: <none>

TIMING-18#111 Warning
Missing input or output delay  
An output delay is missing on o_q_real[10] relative to clock(s) i_clk
Related violations: <none>

TIMING-18#112 Warning
Missing input or output delay  
An output delay is missing on o_q_real[11] relative to clock(s) i_clk
Related violations: <none>

TIMING-18#113 Warning
Missing input or output delay  
An output delay is missing on o_q_real[12] relative to clock(s) i_clk
Related violations: <none>

TIMING-18#114 Warning
Missing input or output delay  
An output delay is missing on o_q_real[13] relative to clock(s) i_clk
Related violations: <none>

TIMING-18#115 Warning
Missing input or output delay  
An output delay is missing on o_q_real[14] relative to clock(s) i_clk
Related violations: <none>

TIMING-18#116 Warning
Missing input or output delay  
An output delay is missing on o_q_real[15] relative to clock(s) i_clk
Related violations: <none>

TIMING-18#117 Warning
Missing input or output delay  
An output delay is missing on o_q_real[16] relative to clock(s) i_clk
Related violations: <none>

TIMING-18#118 Warning
Missing input or output delay  
An output delay is missing on o_q_real[17] relative to clock(s) i_clk
Related violations: <none>

TIMING-18#119 Warning
Missing input or output delay  
An output delay is missing on o_q_real[18] relative to clock(s) i_clk
Related violations: <none>

TIMING-18#120 Warning
Missing input or output delay  
An output delay is missing on o_q_real[19] relative to clock(s) i_clk
Related violations: <none>

TIMING-18#121 Warning
Missing input or output delay  
An output delay is missing on o_q_real[1] relative to clock(s) i_clk
Related violations: <none>

TIMING-18#122 Warning
Missing input or output delay  
An output delay is missing on o_q_real[20] relative to clock(s) i_clk
Related violations: <none>

TIMING-18#123 Warning
Missing input or output delay  
An output delay is missing on o_q_real[21] relative to clock(s) i_clk
Related violations: <none>

TIMING-18#124 Warning
Missing input or output delay  
An output delay is missing on o_q_real[22] relative to clock(s) i_clk
Related violations: <none>

TIMING-18#125 Warning
Missing input or output delay  
An output delay is missing on o_q_real[23] relative to clock(s) i_clk
Related violations: <none>

TIMING-18#126 Warning
Missing input or output delay  
An output delay is missing on o_q_real[24] relative to clock(s) i_clk
Related violations: <none>

TIMING-18#127 Warning
Missing input or output delay  
An output delay is missing on o_q_real[25] relative to clock(s) i_clk
Related violations: <none>

TIMING-18#128 Warning
Missing input or output delay  
An output delay is missing on o_q_real[26] relative to clock(s) i_clk
Related violations: <none>

TIMING-18#129 Warning
Missing input or output delay  
An output delay is missing on o_q_real[27] relative to clock(s) i_clk
Related violations: <none>

TIMING-18#130 Warning
Missing input or output delay  
An output delay is missing on o_q_real[28] relative to clock(s) i_clk
Related violations: <none>

TIMING-18#131 Warning
Missing input or output delay  
An output delay is missing on o_q_real[29] relative to clock(s) i_clk
Related violations: <none>

TIMING-18#132 Warning
Missing input or output delay  
An output delay is missing on o_q_real[2] relative to clock(s) i_clk
Related violations: <none>

TIMING-18#133 Warning
Missing input or output delay  
An output delay is missing on o_q_real[30] relative to clock(s) i_clk
Related violations: <none>

TIMING-18#134 Warning
Missing input or output delay  
An output delay is missing on o_q_real[31] relative to clock(s) i_clk
Related violations: <none>

TIMING-18#135 Warning
Missing input or output delay  
An output delay is missing on o_q_real[32] relative to clock(s) i_clk
Related violations: <none>

TIMING-18#136 Warning
Missing input or output delay  
An output delay is missing on o_q_real[33] relative to clock(s) i_clk
Related violations: <none>

TIMING-18#137 Warning
Missing input or output delay  
An output delay is missing on o_q_real[34] relative to clock(s) i_clk
Related violations: <none>

TIMING-18#138 Warning
Missing input or output delay  
An output delay is missing on o_q_real[35] relative to clock(s) i_clk
Related violations: <none>

TIMING-18#139 Warning
Missing input or output delay  
An output delay is missing on o_q_real[3] relative to clock(s) i_clk
Related violations: <none>

TIMING-18#140 Warning
Missing input or output delay  
An output delay is missing on o_q_real[4] relative to clock(s) i_clk
Related violations: <none>

TIMING-18#141 Warning
Missing input or output delay  
An output delay is missing on o_q_real[5] relative to clock(s) i_clk
Related violations: <none>

TIMING-18#142 Warning
Missing input or output delay  
An output delay is missing on o_q_real[6] relative to clock(s) i_clk
Related violations: <none>

TIMING-18#143 Warning
Missing input or output delay  
An output delay is missing on o_q_real[7] relative to clock(s) i_clk
Related violations: <none>

TIMING-18#144 Warning
Missing input or output delay  
An output delay is missing on o_q_real[8] relative to clock(s) i_clk
Related violations: <none>

TIMING-18#145 Warning
Missing input or output delay  
An output delay is missing on o_q_real[9] relative to clock(s) i_clk
Related violations: <none>


