Copyright 1986-2018 Xilinx, Inc. All Rights Reserved.
-----------------------------------------------------------------------------------------------------------------------------------------------------------------------------------
| Tool Version : Vivado v.2018.3 (lin64) Build 2405991 Thu Dec  6 23:36:41 MST 2018
| Date         : Sat Dec 29 17:38:23 2018
| Host         : niklas-desktop running 64-bit Ubuntu 18.04.1 LTS
| Command      : report_methodology -file DFTStageWrapper_methodology_drc_routed.rpt -pb DFTStageWrapper_methodology_drc_routed.pb -rpx DFTStageWrapper_methodology_drc_routed.rpx
| Design       : DFTStageWrapper
| Device       : xc7z020clg484-1
| Speed File   : -1
| Design State : Fully Routed
-----------------------------------------------------------------------------------------------------------------------------------------------------------------------------------

Report Methodology

Table of Contents
-----------------
1. REPORT SUMMARY
2. REPORT DETAILS

1. REPORT SUMMARY
-----------------
            Netlist: netlist
          Floorplan: design_1
      Design limits: <entire design considered>
             Max violations: <unlimited>
             Violations found: 112
+-----------+----------+-------------------------------+------------+
| Rule      | Severity | Description                   | Violations |
+-----------+----------+-------------------------------+------------+
| TIMING-18 | Warning  | Missing input or output delay | 112        |
+-----------+----------+-------------------------------+------------+

2. REPORT DETAILS
-----------------
TIMING-18#1 Warning
Missing input or output delay  
An input delay is missing on i_data_new[0] relative to clock(s) i_clk
Related violations: <none>

TIMING-18#2 Warning
Missing input or output delay  
An input delay is missing on i_data_new[10] relative to clock(s) i_clk
Related violations: <none>

TIMING-18#3 Warning
Missing input or output delay  
An input delay is missing on i_data_new[11] relative to clock(s) i_clk
Related violations: <none>

TIMING-18#4 Warning
Missing input or output delay  
An input delay is missing on i_data_new[12] relative to clock(s) i_clk
Related violations: <none>

TIMING-18#5 Warning
Missing input or output delay  
An input delay is missing on i_data_new[13] relative to clock(s) i_clk
Related violations: <none>

TIMING-18#6 Warning
Missing input or output delay  
An input delay is missing on i_data_new[14] relative to clock(s) i_clk
Related violations: <none>

TIMING-18#7 Warning
Missing input or output delay  
An input delay is missing on i_data_new[15] relative to clock(s) i_clk
Related violations: <none>

TIMING-18#8 Warning
Missing input or output delay  
An input delay is missing on i_data_new[16] relative to clock(s) i_clk
Related violations: <none>

TIMING-18#9 Warning
Missing input or output delay  
An input delay is missing on i_data_new[17] relative to clock(s) i_clk
Related violations: <none>

TIMING-18#10 Warning
Missing input or output delay  
An input delay is missing on i_data_new[18] relative to clock(s) i_clk
Related violations: <none>

TIMING-18#11 Warning
Missing input or output delay  
An input delay is missing on i_data_new[19] relative to clock(s) i_clk
Related violations: <none>

TIMING-18#12 Warning
Missing input or output delay  
An input delay is missing on i_data_new[1] relative to clock(s) i_clk
Related violations: <none>

TIMING-18#13 Warning
Missing input or output delay  
An input delay is missing on i_data_new[20] relative to clock(s) i_clk
Related violations: <none>

TIMING-18#14 Warning
Missing input or output delay  
An input delay is missing on i_data_new[21] relative to clock(s) i_clk
Related violations: <none>

TIMING-18#15 Warning
Missing input or output delay  
An input delay is missing on i_data_new[22] relative to clock(s) i_clk
Related violations: <none>

TIMING-18#16 Warning
Missing input or output delay  
An input delay is missing on i_data_new[23] relative to clock(s) i_clk
Related violations: <none>

TIMING-18#17 Warning
Missing input or output delay  
An input delay is missing on i_data_new[24] relative to clock(s) i_clk
Related violations: <none>

TIMING-18#18 Warning
Missing input or output delay  
An input delay is missing on i_data_new[2] relative to clock(s) i_clk
Related violations: <none>

TIMING-18#19 Warning
Missing input or output delay  
An input delay is missing on i_data_new[3] relative to clock(s) i_clk
Related violations: <none>

TIMING-18#20 Warning
Missing input or output delay  
An input delay is missing on i_data_new[4] relative to clock(s) i_clk
Related violations: <none>

TIMING-18#21 Warning
Missing input or output delay  
An input delay is missing on i_data_new[5] relative to clock(s) i_clk
Related violations: <none>

TIMING-18#22 Warning
Missing input or output delay  
An input delay is missing on i_data_new[6] relative to clock(s) i_clk
Related violations: <none>

TIMING-18#23 Warning
Missing input or output delay  
An input delay is missing on i_data_new[7] relative to clock(s) i_clk
Related violations: <none>

TIMING-18#24 Warning
Missing input or output delay  
An input delay is missing on i_data_new[8] relative to clock(s) i_clk
Related violations: <none>

TIMING-18#25 Warning
Missing input or output delay  
An input delay is missing on i_data_new[9] relative to clock(s) i_clk
Related violations: <none>

TIMING-18#26 Warning
Missing input or output delay  
An input delay is missing on i_data_old[0] relative to clock(s) i_clk
Related violations: <none>

TIMING-18#27 Warning
Missing input or output delay  
An input delay is missing on i_data_old[10] relative to clock(s) i_clk
Related violations: <none>

TIMING-18#28 Warning
Missing input or output delay  
An input delay is missing on i_data_old[11] relative to clock(s) i_clk
Related violations: <none>

TIMING-18#29 Warning
Missing input or output delay  
An input delay is missing on i_data_old[12] relative to clock(s) i_clk
Related violations: <none>

TIMING-18#30 Warning
Missing input or output delay  
An input delay is missing on i_data_old[13] relative to clock(s) i_clk
Related violations: <none>

TIMING-18#31 Warning
Missing input or output delay  
An input delay is missing on i_data_old[14] relative to clock(s) i_clk
Related violations: <none>

TIMING-18#32 Warning
Missing input or output delay  
An input delay is missing on i_data_old[15] relative to clock(s) i_clk
Related violations: <none>

TIMING-18#33 Warning
Missing input or output delay  
An input delay is missing on i_data_old[16] relative to clock(s) i_clk
Related violations: <none>

TIMING-18#34 Warning
Missing input or output delay  
An input delay is missing on i_data_old[17] relative to clock(s) i_clk
Related violations: <none>

TIMING-18#35 Warning
Missing input or output delay  
An input delay is missing on i_data_old[18] relative to clock(s) i_clk
Related violations: <none>

TIMING-18#36 Warning
Missing input or output delay  
An input delay is missing on i_data_old[19] relative to clock(s) i_clk
Related violations: <none>

TIMING-18#37 Warning
Missing input or output delay  
An input delay is missing on i_data_old[1] relative to clock(s) i_clk
Related violations: <none>

TIMING-18#38 Warning
Missing input or output delay  
An input delay is missing on i_data_old[20] relative to clock(s) i_clk
Related violations: <none>

TIMING-18#39 Warning
Missing input or output delay  
An input delay is missing on i_data_old[21] relative to clock(s) i_clk
Related violations: <none>

TIMING-18#40 Warning
Missing input or output delay  
An input delay is missing on i_data_old[22] relative to clock(s) i_clk
Related violations: <none>

TIMING-18#41 Warning
Missing input or output delay  
An input delay is missing on i_data_old[23] relative to clock(s) i_clk
Related violations: <none>

TIMING-18#42 Warning
Missing input or output delay  
An input delay is missing on i_data_old[24] relative to clock(s) i_clk
Related violations: <none>

TIMING-18#43 Warning
Missing input or output delay  
An input delay is missing on i_data_old[2] relative to clock(s) i_clk
Related violations: <none>

TIMING-18#44 Warning
Missing input or output delay  
An input delay is missing on i_data_old[3] relative to clock(s) i_clk
Related violations: <none>

TIMING-18#45 Warning
Missing input or output delay  
An input delay is missing on i_data_old[4] relative to clock(s) i_clk
Related violations: <none>

TIMING-18#46 Warning
Missing input or output delay  
An input delay is missing on i_data_old[5] relative to clock(s) i_clk
Related violations: <none>

TIMING-18#47 Warning
Missing input or output delay  
An input delay is missing on i_data_old[6] relative to clock(s) i_clk
Related violations: <none>

TIMING-18#48 Warning
Missing input or output delay  
An input delay is missing on i_data_old[7] relative to clock(s) i_clk
Related violations: <none>

TIMING-18#49 Warning
Missing input or output delay  
An input delay is missing on i_data_old[8] relative to clock(s) i_clk
Related violations: <none>

TIMING-18#50 Warning
Missing input or output delay  
An input delay is missing on i_data_old[9] relative to clock(s) i_clk
Related violations: <none>

TIMING-18#51 Warning
Missing input or output delay  
An input delay is missing on i_reset relative to clock(s) i_clk
Related violations: <none>

TIMING-18#52 Warning
Missing input or output delay  
An input delay is missing on i_start relative to clock(s) i_clk
Related violations: <none>

TIMING-18#53 Warning
Missing input or output delay  
An output delay is missing on o_bram_waddr[0] relative to clock(s) i_clk
Related violations: <none>

TIMING-18#54 Warning
Missing input or output delay  
An output delay is missing on o_bram_waddr[1] relative to clock(s) i_clk
Related violations: <none>

TIMING-18#55 Warning
Missing input or output delay  
An output delay is missing on o_bram_waddr[2] relative to clock(s) i_clk
Related violations: <none>

TIMING-18#56 Warning
Missing input or output delay  
An output delay is missing on o_bram_waddr[3] relative to clock(s) i_clk
Related violations: <none>

TIMING-18#57 Warning
Missing input or output delay  
An output delay is missing on o_bram_waddr[4] relative to clock(s) i_clk
Related violations: <none>

TIMING-18#58 Warning
Missing input or output delay  
An output delay is missing on o_bram_waddr[5] relative to clock(s) i_clk
Related violations: <none>

TIMING-18#59 Warning
Missing input or output delay  
An output delay is missing on o_bram_waddr[6] relative to clock(s) i_clk
Related violations: <none>

TIMING-18#60 Warning
Missing input or output delay  
An output delay is missing on o_bram_waddr[7] relative to clock(s) i_clk
Related violations: <none>

TIMING-18#61 Warning
Missing input or output delay  
An output delay is missing on o_bram_wdata[0] relative to clock(s) i_clk
Related violations: <none>

TIMING-18#62 Warning
Missing input or output delay  
An output delay is missing on o_bram_wdata[10] relative to clock(s) i_clk
Related violations: <none>

TIMING-18#63 Warning
Missing input or output delay  
An output delay is missing on o_bram_wdata[11] relative to clock(s) i_clk
Related violations: <none>

TIMING-18#64 Warning
Missing input or output delay  
An output delay is missing on o_bram_wdata[12] relative to clock(s) i_clk
Related violations: <none>

TIMING-18#65 Warning
Missing input or output delay  
An output delay is missing on o_bram_wdata[13] relative to clock(s) i_clk
Related violations: <none>

TIMING-18#66 Warning
Missing input or output delay  
An output delay is missing on o_bram_wdata[14] relative to clock(s) i_clk
Related violations: <none>

TIMING-18#67 Warning
Missing input or output delay  
An output delay is missing on o_bram_wdata[15] relative to clock(s) i_clk
Related violations: <none>

TIMING-18#68 Warning
Missing input or output delay  
An output delay is missing on o_bram_wdata[16] relative to clock(s) i_clk
Related violations: <none>

TIMING-18#69 Warning
Missing input or output delay  
An output delay is missing on o_bram_wdata[17] relative to clock(s) i_clk
Related violations: <none>

TIMING-18#70 Warning
Missing input or output delay  
An output delay is missing on o_bram_wdata[18] relative to clock(s) i_clk
Related violations: <none>

TIMING-18#71 Warning
Missing input or output delay  
An output delay is missing on o_bram_wdata[19] relative to clock(s) i_clk
Related violations: <none>

TIMING-18#72 Warning
Missing input or output delay  
An output delay is missing on o_bram_wdata[1] relative to clock(s) i_clk
Related violations: <none>

TIMING-18#73 Warning
Missing input or output delay  
An output delay is missing on o_bram_wdata[20] relative to clock(s) i_clk
Related violations: <none>

TIMING-18#74 Warning
Missing input or output delay  
An output delay is missing on o_bram_wdata[21] relative to clock(s) i_clk
Related violations: <none>

TIMING-18#75 Warning
Missing input or output delay  
An output delay is missing on o_bram_wdata[22] relative to clock(s) i_clk
Related violations: <none>

TIMING-18#76 Warning
Missing input or output delay  
An output delay is missing on o_bram_wdata[23] relative to clock(s) i_clk
Related violations: <none>

TIMING-18#77 Warning
Missing input or output delay  
An output delay is missing on o_bram_wdata[24] relative to clock(s) i_clk
Related violations: <none>

TIMING-18#78 Warning
Missing input or output delay  
An output delay is missing on o_bram_wdata[25] relative to clock(s) i_clk
Related violations: <none>

TIMING-18#79 Warning
Missing input or output delay  
An output delay is missing on o_bram_wdata[26] relative to clock(s) i_clk
Related violations: <none>

TIMING-18#80 Warning
Missing input or output delay  
An output delay is missing on o_bram_wdata[27] relative to clock(s) i_clk
Related violations: <none>

TIMING-18#81 Warning
Missing input or output delay  
An output delay is missing on o_bram_wdata[28] relative to clock(s) i_clk
Related violations: <none>

TIMING-18#82 Warning
Missing input or output delay  
An output delay is missing on o_bram_wdata[29] relative to clock(s) i_clk
Related violations: <none>

TIMING-18#83 Warning
Missing input or output delay  
An output delay is missing on o_bram_wdata[2] relative to clock(s) i_clk
Related violations: <none>

TIMING-18#84 Warning
Missing input or output delay  
An output delay is missing on o_bram_wdata[30] relative to clock(s) i_clk
Related violations: <none>

TIMING-18#85 Warning
Missing input or output delay  
An output delay is missing on o_bram_wdata[31] relative to clock(s) i_clk
Related violations: <none>

TIMING-18#86 Warning
Missing input or output delay  
An output delay is missing on o_bram_wdata[32] relative to clock(s) i_clk
Related violations: <none>

TIMING-18#87 Warning
Missing input or output delay  
An output delay is missing on o_bram_wdata[33] relative to clock(s) i_clk
Related violations: <none>

TIMING-18#88 Warning
Missing input or output delay  
An output delay is missing on o_bram_wdata[34] relative to clock(s) i_clk
Related violations: <none>

TIMING-18#89 Warning
Missing input or output delay  
An output delay is missing on o_bram_wdata[35] relative to clock(s) i_clk
Related violations: <none>

TIMING-18#90 Warning
Missing input or output delay  
An output delay is missing on o_bram_wdata[36] relative to clock(s) i_clk
Related violations: <none>

TIMING-18#91 Warning
Missing input or output delay  
An output delay is missing on o_bram_wdata[37] relative to clock(s) i_clk
Related violations: <none>

TIMING-18#92 Warning
Missing input or output delay  
An output delay is missing on o_bram_wdata[38] relative to clock(s) i_clk
Related violations: <none>

TIMING-18#93 Warning
Missing input or output delay  
An output delay is missing on o_bram_wdata[39] relative to clock(s) i_clk
Related violations: <none>

TIMING-18#94 Warning
Missing input or output delay  
An output delay is missing on o_bram_wdata[3] relative to clock(s) i_clk
Related violations: <none>

TIMING-18#95 Warning
Missing input or output delay  
An output delay is missing on o_bram_wdata[40] relative to clock(s) i_clk
Related violations: <none>

TIMING-18#96 Warning
Missing input or output delay  
An output delay is missing on o_bram_wdata[41] relative to clock(s) i_clk
Related violations: <none>

TIMING-18#97 Warning
Missing input or output delay  
An output delay is missing on o_bram_wdata[42] relative to clock(s) i_clk
Related violations: <none>

TIMING-18#98 Warning
Missing input or output delay  
An output delay is missing on o_bram_wdata[43] relative to clock(s) i_clk
Related violations: <none>

TIMING-18#99 Warning
Missing input or output delay  
An output delay is missing on o_bram_wdata[44] relative to clock(s) i_clk
Related violations: <none>

TIMING-18#100 Warning
Missing input or output delay  
An output delay is missing on o_bram_wdata[45] relative to clock(s) i_clk
Related violations: <none>

TIMING-18#101 Warning
Missing input or output delay  
An output delay is missing on o_bram_wdata[46] relative to clock(s) i_clk
Related violations: <none>

TIMING-18#102 Warning
Missing input or output delay  
An output delay is missing on o_bram_wdata[47] relative to clock(s) i_clk
Related violations: <none>

TIMING-18#103 Warning
Missing input or output delay  
An output delay is missing on o_bram_wdata[48] relative to clock(s) i_clk
Related violations: <none>

TIMING-18#104 Warning
Missing input or output delay  
An output delay is missing on o_bram_wdata[49] relative to clock(s) i_clk
Related violations: <none>

TIMING-18#105 Warning
Missing input or output delay  
An output delay is missing on o_bram_wdata[4] relative to clock(s) i_clk
Related violations: <none>

TIMING-18#106 Warning
Missing input or output delay  
An output delay is missing on o_bram_wdata[5] relative to clock(s) i_clk
Related violations: <none>

TIMING-18#107 Warning
Missing input or output delay  
An output delay is missing on o_bram_wdata[6] relative to clock(s) i_clk
Related violations: <none>

TIMING-18#108 Warning
Missing input or output delay  
An output delay is missing on o_bram_wdata[7] relative to clock(s) i_clk
Related violations: <none>

TIMING-18#109 Warning
Missing input or output delay  
An output delay is missing on o_bram_wdata[8] relative to clock(s) i_clk
Related violations: <none>

TIMING-18#110 Warning
Missing input or output delay  
An output delay is missing on o_bram_wdata[9] relative to clock(s) i_clk
Related violations: <none>

TIMING-18#111 Warning
Missing input or output delay  
An output delay is missing on o_bram_we relative to clock(s) i_clk
Related violations: <none>

TIMING-18#112 Warning
Missing input or output delay  
An output delay is missing on o_ready relative to clock(s) i_clk
Related violations: <none>


