Copyright 1986-2018 Xilinx, Inc. All Rights Reserved.
------------------------------------------------------------------------------------------------------------------------------------------------------
| Tool Version : Vivado v.2018.3 (lin64) Build 2405991 Thu Dec  6 23:36:41 MST 2018
| Date         : Thu Jan 17 01:18:23 2019
| Host         : niklas-desktop running 64-bit Ubuntu 18.10
| Command      : report_drc -file fourier_bram_wrapper_drc_routed.rpt -pb fourier_bram_wrapper_drc_routed.pb -rpx fourier_bram_wrapper_drc_routed.rpx
| Design       : fourier_bram_wrapper
| Device       : xc7z020clg484-1
| Speed File   : -1
| Design State : Fully Routed
------------------------------------------------------------------------------------------------------------------------------------------------------

Report DRC

Table of Contents
-----------------
1. REPORT SUMMARY
2. REPORT DETAILS

1. REPORT SUMMARY
-----------------
            Netlist: netlist
          Floorplan: design_1
      Design limits: <entire design considered>
           Ruledeck: default
             Max violations: <unlimited>
             Violations found: 52
+-----------+------------------+-------------------------------------------------------------------+------------+
| Rule      | Severity         | Description                                                       | Violations |
+-----------+------------------+-------------------------------------------------------------------+------------+
| NSTD-1    | Critical Warning | Unspecified I/O Standard                                          | 1          |
| UCIO-1    | Critical Warning | Unconstrained Logical Port                                        | 1          |
| CHECK-3   | Warning          | Report rule limit reached                                         | 2          |
| REQP-1839 | Warning          | RAMB36 async control check                                        | 20         |
| REQP-1840 | Warning          | RAMB18 async control check                                        | 20         |
| AVAL-4    | Advisory         | enum_USE_DPORT_FALSE_enum_DREG_ADREG_0_connects_CED_CEAD_RSTD_GND | 8          |
+-----------+------------------+-------------------------------------------------------------------+------------+

2. REPORT DETAILS
-----------------
NSTD-1#1 Critical Warning
Unspecified I/O Standard  
54 out of 184 logical ports use I/O standard (IOSTANDARD) value 'DEFAULT', instead of a user assigned specific value. This may cause I/O contention or incompatibility with the board power or connectivity affecting performance, signal integrity or in extreme cases cause damage to the device or the components to which it is connected. To correct this violation, specify all I/O standards. This design will fail to generate a bitstream unless all logical ports have a user specified I/O standard value defined. To allow bitstream creation with unspecified I/O standard values (not recommended), use this command: set_property SEVERITY {Warning} [get_drc_checks NSTD-1].  NOTE: When using the Vivado Runs infrastructure (e.g. launch_runs Tcl command), add this command to a .tcl file and add that file as a pre-hook for write_bitstream step for the implementation run. Problem ports: o_readyRight, o_readyLeft, i_dataValidRight, i_dataValidLeft, i_dataNewLeft[24:0], i_dataNewRight[24:0].
Related violations: <none>

UCIO-1#1 Critical Warning
Unconstrained Logical Port  
54 out of 184 logical ports have no user assigned specific location constraint (LOC). This may cause I/O contention or incompatibility with the board power or connectivity affecting performance, signal integrity or in extreme cases cause damage to the device or the components to which it is connected. To correct this violation, specify all pin locations. This design will fail to generate a bitstream unless all logical ports have a user specified site LOC constraint defined.  To allow bitstream creation with unspecified pin locations (not recommended), use this command: set_property SEVERITY {Warning} [get_drc_checks UCIO-1].  NOTE: When using the Vivado Runs infrastructure (e.g. launch_runs Tcl command), add this command to a .tcl file and add that file as a pre-hook for write_bitstream step for the implementation run.  Problem ports: o_readyRight, o_readyLeft, i_dataValidRight, i_dataValidLeft, i_dataNewLeft[24:0], i_dataNewRight[24:0].
Related violations: <none>

CHECK-3#1 Warning
Report rule limit reached  
REQP-1839 rule limit reached: 20 violations have been found.
Related violations: <none>

CHECK-3#2 Warning
Report rule limit reached  
REQP-1840 rule limit reached: 20 violations have been found.
Related violations: <none>

REQP-1839#1 Warning
RAMB36 async control check  
The RAMB36E1 fourier_bram_i/DFTStageWrapperLeft/U0/inst_BlockRam/U0/inst_blk_mem_gen/gnbram.gnativebmg.native_blk_mem_gen/valid.cstr/ramloop[0].ram.r/prim_init.ram/DEVICE_7SERIES.NO_BMM_INFO.SDP.WIDE_PRIM36.ram has an input control pin fourier_bram_i/DFTStageWrapperLeft/U0/inst_BlockRam/U0/inst_blk_mem_gen/gnbram.gnativebmg.native_blk_mem_gen/valid.cstr/ramloop[0].ram.r/prim_init.ram/DEVICE_7SERIES.NO_BMM_INFO.SDP.WIDE_PRIM36.ram/ADDRARDADDR[10] (net: fourier_bram_i/DFTStageWrapperLeft/U0/inst_BlockRam/U0/inst_blk_mem_gen/gnbram.gnativebmg.native_blk_mem_gen/valid.cstr/ramloop[0].ram.r/prim_init.ram/addrb[4]) which is driven by a register (fourier_bram_i/DFTStageWrapperLeft/U0/inst_DFTStage/r_eAddress_reg[4]) that has an active asychronous set or reset. This may cause corruption of the memory contents and/or read values when the set/reset is asserted and is not analyzed by the default static timing analysis. It is suggested to eliminate the use of a set/reset to registers driving this RAMB pin or else use a synchronous reset in which the assertion of the reset is timed by default.
Related violations: <none>

REQP-1839#2 Warning
RAMB36 async control check  
The RAMB36E1 fourier_bram_i/DFTStageWrapperLeft/U0/inst_BlockRam/U0/inst_blk_mem_gen/gnbram.gnativebmg.native_blk_mem_gen/valid.cstr/ramloop[0].ram.r/prim_init.ram/DEVICE_7SERIES.NO_BMM_INFO.SDP.WIDE_PRIM36.ram has an input control pin fourier_bram_i/DFTStageWrapperLeft/U0/inst_BlockRam/U0/inst_blk_mem_gen/gnbram.gnativebmg.native_blk_mem_gen/valid.cstr/ramloop[0].ram.r/prim_init.ram/DEVICE_7SERIES.NO_BMM_INFO.SDP.WIDE_PRIM36.ram/ADDRARDADDR[11] (net: fourier_bram_i/DFTStageWrapperLeft/U0/inst_BlockRam/U0/inst_blk_mem_gen/gnbram.gnativebmg.native_blk_mem_gen/valid.cstr/ramloop[0].ram.r/prim_init.ram/addrb[5]) which is driven by a register (fourier_bram_i/DFTStageWrapperLeft/U0/inst_DFTStage/r_eAddress_reg[5]) that has an active asychronous set or reset. This may cause corruption of the memory contents and/or read values when the set/reset is asserted and is not analyzed by the default static timing analysis. It is suggested to eliminate the use of a set/reset to registers driving this RAMB pin or else use a synchronous reset in which the assertion of the reset is timed by default.
Related violations: <none>

REQP-1839#3 Warning
RAMB36 async control check  
The RAMB36E1 fourier_bram_i/DFTStageWrapperLeft/U0/inst_BlockRam/U0/inst_blk_mem_gen/gnbram.gnativebmg.native_blk_mem_gen/valid.cstr/ramloop[0].ram.r/prim_init.ram/DEVICE_7SERIES.NO_BMM_INFO.SDP.WIDE_PRIM36.ram has an input control pin fourier_bram_i/DFTStageWrapperLeft/U0/inst_BlockRam/U0/inst_blk_mem_gen/gnbram.gnativebmg.native_blk_mem_gen/valid.cstr/ramloop[0].ram.r/prim_init.ram/DEVICE_7SERIES.NO_BMM_INFO.SDP.WIDE_PRIM36.ram/ADDRARDADDR[12] (net: fourier_bram_i/DFTStageWrapperLeft/U0/inst_BlockRam/U0/inst_blk_mem_gen/gnbram.gnativebmg.native_blk_mem_gen/valid.cstr/ramloop[0].ram.r/prim_init.ram/addrb[6]) which is driven by a register (fourier_bram_i/DFTStageWrapperLeft/U0/inst_DFTStage/r_eAddress_reg[6]) that has an active asychronous set or reset. This may cause corruption of the memory contents and/or read values when the set/reset is asserted and is not analyzed by the default static timing analysis. It is suggested to eliminate the use of a set/reset to registers driving this RAMB pin or else use a synchronous reset in which the assertion of the reset is timed by default.
Related violations: <none>

REQP-1839#4 Warning
RAMB36 async control check  
The RAMB36E1 fourier_bram_i/DFTStageWrapperLeft/U0/inst_BlockRam/U0/inst_blk_mem_gen/gnbram.gnativebmg.native_blk_mem_gen/valid.cstr/ramloop[0].ram.r/prim_init.ram/DEVICE_7SERIES.NO_BMM_INFO.SDP.WIDE_PRIM36.ram has an input control pin fourier_bram_i/DFTStageWrapperLeft/U0/inst_BlockRam/U0/inst_blk_mem_gen/gnbram.gnativebmg.native_blk_mem_gen/valid.cstr/ramloop[0].ram.r/prim_init.ram/DEVICE_7SERIES.NO_BMM_INFO.SDP.WIDE_PRIM36.ram/ADDRARDADDR[13] (net: fourier_bram_i/DFTStageWrapperLeft/U0/inst_BlockRam/U0/inst_blk_mem_gen/gnbram.gnativebmg.native_blk_mem_gen/valid.cstr/ramloop[0].ram.r/prim_init.ram/addrb[7]) which is driven by a register (fourier_bram_i/DFTStageWrapperLeft/U0/inst_DFTStage/r_eAddress_reg[7]) that has an active asychronous set or reset. This may cause corruption of the memory contents and/or read values when the set/reset is asserted and is not analyzed by the default static timing analysis. It is suggested to eliminate the use of a set/reset to registers driving this RAMB pin or else use a synchronous reset in which the assertion of the reset is timed by default.
Related violations: <none>

REQP-1839#5 Warning
RAMB36 async control check  
The RAMB36E1 fourier_bram_i/DFTStageWrapperLeft/U0/inst_BlockRam/U0/inst_blk_mem_gen/gnbram.gnativebmg.native_blk_mem_gen/valid.cstr/ramloop[0].ram.r/prim_init.ram/DEVICE_7SERIES.NO_BMM_INFO.SDP.WIDE_PRIM36.ram has an input control pin fourier_bram_i/DFTStageWrapperLeft/U0/inst_BlockRam/U0/inst_blk_mem_gen/gnbram.gnativebmg.native_blk_mem_gen/valid.cstr/ramloop[0].ram.r/prim_init.ram/DEVICE_7SERIES.NO_BMM_INFO.SDP.WIDE_PRIM36.ram/ADDRARDADDR[6] (net: fourier_bram_i/DFTStageWrapperLeft/U0/inst_BlockRam/U0/inst_blk_mem_gen/gnbram.gnativebmg.native_blk_mem_gen/valid.cstr/ramloop[0].ram.r/prim_init.ram/addrb[0]) which is driven by a register (fourier_bram_i/DFTStageWrapperLeft/U0/inst_DFTStage/r_eAddress_reg[0]) that has an active asychronous set or reset. This may cause corruption of the memory contents and/or read values when the set/reset is asserted and is not analyzed by the default static timing analysis. It is suggested to eliminate the use of a set/reset to registers driving this RAMB pin or else use a synchronous reset in which the assertion of the reset is timed by default.
Related violations: <none>

REQP-1839#6 Warning
RAMB36 async control check  
The RAMB36E1 fourier_bram_i/DFTStageWrapperLeft/U0/inst_BlockRam/U0/inst_blk_mem_gen/gnbram.gnativebmg.native_blk_mem_gen/valid.cstr/ramloop[0].ram.r/prim_init.ram/DEVICE_7SERIES.NO_BMM_INFO.SDP.WIDE_PRIM36.ram has an input control pin fourier_bram_i/DFTStageWrapperLeft/U0/inst_BlockRam/U0/inst_blk_mem_gen/gnbram.gnativebmg.native_blk_mem_gen/valid.cstr/ramloop[0].ram.r/prim_init.ram/DEVICE_7SERIES.NO_BMM_INFO.SDP.WIDE_PRIM36.ram/ADDRARDADDR[7] (net: fourier_bram_i/DFTStageWrapperLeft/U0/inst_BlockRam/U0/inst_blk_mem_gen/gnbram.gnativebmg.native_blk_mem_gen/valid.cstr/ramloop[0].ram.r/prim_init.ram/addrb[1]) which is driven by a register (fourier_bram_i/DFTStageWrapperLeft/U0/inst_DFTStage/r_eAddress_reg[1]) that has an active asychronous set or reset. This may cause corruption of the memory contents and/or read values when the set/reset is asserted and is not analyzed by the default static timing analysis. It is suggested to eliminate the use of a set/reset to registers driving this RAMB pin or else use a synchronous reset in which the assertion of the reset is timed by default.
Related violations: <none>

REQP-1839#7 Warning
RAMB36 async control check  
The RAMB36E1 fourier_bram_i/DFTStageWrapperLeft/U0/inst_BlockRam/U0/inst_blk_mem_gen/gnbram.gnativebmg.native_blk_mem_gen/valid.cstr/ramloop[0].ram.r/prim_init.ram/DEVICE_7SERIES.NO_BMM_INFO.SDP.WIDE_PRIM36.ram has an input control pin fourier_bram_i/DFTStageWrapperLeft/U0/inst_BlockRam/U0/inst_blk_mem_gen/gnbram.gnativebmg.native_blk_mem_gen/valid.cstr/ramloop[0].ram.r/prim_init.ram/DEVICE_7SERIES.NO_BMM_INFO.SDP.WIDE_PRIM36.ram/ADDRARDADDR[8] (net: fourier_bram_i/DFTStageWrapperLeft/U0/inst_BlockRam/U0/inst_blk_mem_gen/gnbram.gnativebmg.native_blk_mem_gen/valid.cstr/ramloop[0].ram.r/prim_init.ram/addrb[2]) which is driven by a register (fourier_bram_i/DFTStageWrapperLeft/U0/inst_DFTStage/r_eAddress_reg[2]) that has an active asychronous set or reset. This may cause corruption of the memory contents and/or read values when the set/reset is asserted and is not analyzed by the default static timing analysis. It is suggested to eliminate the use of a set/reset to registers driving this RAMB pin or else use a synchronous reset in which the assertion of the reset is timed by default.
Related violations: <none>

REQP-1839#8 Warning
RAMB36 async control check  
The RAMB36E1 fourier_bram_i/DFTStageWrapperLeft/U0/inst_BlockRam/U0/inst_blk_mem_gen/gnbram.gnativebmg.native_blk_mem_gen/valid.cstr/ramloop[0].ram.r/prim_init.ram/DEVICE_7SERIES.NO_BMM_INFO.SDP.WIDE_PRIM36.ram has an input control pin fourier_bram_i/DFTStageWrapperLeft/U0/inst_BlockRam/U0/inst_blk_mem_gen/gnbram.gnativebmg.native_blk_mem_gen/valid.cstr/ramloop[0].ram.r/prim_init.ram/DEVICE_7SERIES.NO_BMM_INFO.SDP.WIDE_PRIM36.ram/ADDRARDADDR[9] (net: fourier_bram_i/DFTStageWrapperLeft/U0/inst_BlockRam/U0/inst_blk_mem_gen/gnbram.gnativebmg.native_blk_mem_gen/valid.cstr/ramloop[0].ram.r/prim_init.ram/addrb[3]) which is driven by a register (fourier_bram_i/DFTStageWrapperLeft/U0/inst_DFTStage/r_eAddress_reg[3]) that has an active asychronous set or reset. This may cause corruption of the memory contents and/or read values when the set/reset is asserted and is not analyzed by the default static timing analysis. It is suggested to eliminate the use of a set/reset to registers driving this RAMB pin or else use a synchronous reset in which the assertion of the reset is timed by default.
Related violations: <none>

REQP-1839#9 Warning
RAMB36 async control check  
The RAMB36E1 fourier_bram_i/DFTStageWrapperLeft/U0/inst_BlockRam/U0/inst_blk_mem_gen/gnbram.gnativebmg.native_blk_mem_gen/valid.cstr/ramloop[0].ram.r/prim_init.ram/DEVICE_7SERIES.NO_BMM_INFO.SDP.WIDE_PRIM36.ram has an input control pin fourier_bram_i/DFTStageWrapperLeft/U0/inst_BlockRam/U0/inst_blk_mem_gen/gnbram.gnativebmg.native_blk_mem_gen/valid.cstr/ramloop[0].ram.r/prim_init.ram/DEVICE_7SERIES.NO_BMM_INFO.SDP.WIDE_PRIM36.ram/ADDRBWRADDR[10] (net: fourier_bram_i/DFTStageWrapperLeft/U0/inst_BlockRam/U0/inst_blk_mem_gen/gnbram.gnativebmg.native_blk_mem_gen/valid.cstr/ramloop[0].ram.r/prim_init.ram/addra[4]) which is driven by a register (fourier_bram_i/DFTStageWrapperLeft/U0/inst_DFTStage/r_bramWaddr_reg[4]) that has an active asychronous set or reset. This may cause corruption of the memory contents and/or read values when the set/reset is asserted and is not analyzed by the default static timing analysis. It is suggested to eliminate the use of a set/reset to registers driving this RAMB pin or else use a synchronous reset in which the assertion of the reset is timed by default.
Related violations: <none>

REQP-1839#10 Warning
RAMB36 async control check  
The RAMB36E1 fourier_bram_i/DFTStageWrapperLeft/U0/inst_BlockRam/U0/inst_blk_mem_gen/gnbram.gnativebmg.native_blk_mem_gen/valid.cstr/ramloop[0].ram.r/prim_init.ram/DEVICE_7SERIES.NO_BMM_INFO.SDP.WIDE_PRIM36.ram has an input control pin fourier_bram_i/DFTStageWrapperLeft/U0/inst_BlockRam/U0/inst_blk_mem_gen/gnbram.gnativebmg.native_blk_mem_gen/valid.cstr/ramloop[0].ram.r/prim_init.ram/DEVICE_7SERIES.NO_BMM_INFO.SDP.WIDE_PRIM36.ram/ADDRBWRADDR[11] (net: fourier_bram_i/DFTStageWrapperLeft/U0/inst_BlockRam/U0/inst_blk_mem_gen/gnbram.gnativebmg.native_blk_mem_gen/valid.cstr/ramloop[0].ram.r/prim_init.ram/addra[5]) which is driven by a register (fourier_bram_i/DFTStageWrapperLeft/U0/inst_DFTStage/r_bramWaddr_reg[5]) that has an active asychronous set or reset. This may cause corruption of the memory contents and/or read values when the set/reset is asserted and is not analyzed by the default static timing analysis. It is suggested to eliminate the use of a set/reset to registers driving this RAMB pin or else use a synchronous reset in which the assertion of the reset is timed by default.
Related violations: <none>

REQP-1839#11 Warning
RAMB36 async control check  
The RAMB36E1 fourier_bram_i/DFTStageWrapperLeft/U0/inst_BlockRam/U0/inst_blk_mem_gen/gnbram.gnativebmg.native_blk_mem_gen/valid.cstr/ramloop[0].ram.r/prim_init.ram/DEVICE_7SERIES.NO_BMM_INFO.SDP.WIDE_PRIM36.ram has an input control pin fourier_bram_i/DFTStageWrapperLeft/U0/inst_BlockRam/U0/inst_blk_mem_gen/gnbram.gnativebmg.native_blk_mem_gen/valid.cstr/ramloop[0].ram.r/prim_init.ram/DEVICE_7SERIES.NO_BMM_INFO.SDP.WIDE_PRIM36.ram/ADDRBWRADDR[12] (net: fourier_bram_i/DFTStageWrapperLeft/U0/inst_BlockRam/U0/inst_blk_mem_gen/gnbram.gnativebmg.native_blk_mem_gen/valid.cstr/ramloop[0].ram.r/prim_init.ram/addra[6]) which is driven by a register (fourier_bram_i/DFTStageWrapperLeft/U0/inst_DFTStage/r_bramWaddr_reg[6]) that has an active asychronous set or reset. This may cause corruption of the memory contents and/or read values when the set/reset is asserted and is not analyzed by the default static timing analysis. It is suggested to eliminate the use of a set/reset to registers driving this RAMB pin or else use a synchronous reset in which the assertion of the reset is timed by default.
Related violations: <none>

REQP-1839#12 Warning
RAMB36 async control check  
The RAMB36E1 fourier_bram_i/DFTStageWrapperLeft/U0/inst_BlockRam/U0/inst_blk_mem_gen/gnbram.gnativebmg.native_blk_mem_gen/valid.cstr/ramloop[0].ram.r/prim_init.ram/DEVICE_7SERIES.NO_BMM_INFO.SDP.WIDE_PRIM36.ram has an input control pin fourier_bram_i/DFTStageWrapperLeft/U0/inst_BlockRam/U0/inst_blk_mem_gen/gnbram.gnativebmg.native_blk_mem_gen/valid.cstr/ramloop[0].ram.r/prim_init.ram/DEVICE_7SERIES.NO_BMM_INFO.SDP.WIDE_PRIM36.ram/ADDRBWRADDR[13] (net: fourier_bram_i/DFTStageWrapperLeft/U0/inst_BlockRam/U0/inst_blk_mem_gen/gnbram.gnativebmg.native_blk_mem_gen/valid.cstr/ramloop[0].ram.r/prim_init.ram/addra[7]) which is driven by a register (fourier_bram_i/DFTStageWrapperLeft/U0/inst_DFTStage/r_bramWaddr_reg[7]) that has an active asychronous set or reset. This may cause corruption of the memory contents and/or read values when the set/reset is asserted and is not analyzed by the default static timing analysis. It is suggested to eliminate the use of a set/reset to registers driving this RAMB pin or else use a synchronous reset in which the assertion of the reset is timed by default.
Related violations: <none>

REQP-1839#13 Warning
RAMB36 async control check  
The RAMB36E1 fourier_bram_i/DFTStageWrapperLeft/U0/inst_BlockRam/U0/inst_blk_mem_gen/gnbram.gnativebmg.native_blk_mem_gen/valid.cstr/ramloop[0].ram.r/prim_init.ram/DEVICE_7SERIES.NO_BMM_INFO.SDP.WIDE_PRIM36.ram has an input control pin fourier_bram_i/DFTStageWrapperLeft/U0/inst_BlockRam/U0/inst_blk_mem_gen/gnbram.gnativebmg.native_blk_mem_gen/valid.cstr/ramloop[0].ram.r/prim_init.ram/DEVICE_7SERIES.NO_BMM_INFO.SDP.WIDE_PRIM36.ram/ADDRBWRADDR[6] (net: fourier_bram_i/DFTStageWrapperLeft/U0/inst_BlockRam/U0/inst_blk_mem_gen/gnbram.gnativebmg.native_blk_mem_gen/valid.cstr/ramloop[0].ram.r/prim_init.ram/addra[0]) which is driven by a register (fourier_bram_i/DFTStageWrapperLeft/U0/inst_DFTStage/r_bramWaddr_reg[0]) that has an active asychronous set or reset. This may cause corruption of the memory contents and/or read values when the set/reset is asserted and is not analyzed by the default static timing analysis. It is suggested to eliminate the use of a set/reset to registers driving this RAMB pin or else use a synchronous reset in which the assertion of the reset is timed by default.
Related violations: <none>

REQP-1839#14 Warning
RAMB36 async control check  
The RAMB36E1 fourier_bram_i/DFTStageWrapperLeft/U0/inst_BlockRam/U0/inst_blk_mem_gen/gnbram.gnativebmg.native_blk_mem_gen/valid.cstr/ramloop[0].ram.r/prim_init.ram/DEVICE_7SERIES.NO_BMM_INFO.SDP.WIDE_PRIM36.ram has an input control pin fourier_bram_i/DFTStageWrapperLeft/U0/inst_BlockRam/U0/inst_blk_mem_gen/gnbram.gnativebmg.native_blk_mem_gen/valid.cstr/ramloop[0].ram.r/prim_init.ram/DEVICE_7SERIES.NO_BMM_INFO.SDP.WIDE_PRIM36.ram/ADDRBWRADDR[7] (net: fourier_bram_i/DFTStageWrapperLeft/U0/inst_BlockRam/U0/inst_blk_mem_gen/gnbram.gnativebmg.native_blk_mem_gen/valid.cstr/ramloop[0].ram.r/prim_init.ram/addra[1]) which is driven by a register (fourier_bram_i/DFTStageWrapperLeft/U0/inst_DFTStage/r_bramWaddr_reg[1]) that has an active asychronous set or reset. This may cause corruption of the memory contents and/or read values when the set/reset is asserted and is not analyzed by the default static timing analysis. It is suggested to eliminate the use of a set/reset to registers driving this RAMB pin or else use a synchronous reset in which the assertion of the reset is timed by default.
Related violations: <none>

REQP-1839#15 Warning
RAMB36 async control check  
The RAMB36E1 fourier_bram_i/DFTStageWrapperLeft/U0/inst_BlockRam/U0/inst_blk_mem_gen/gnbram.gnativebmg.native_blk_mem_gen/valid.cstr/ramloop[0].ram.r/prim_init.ram/DEVICE_7SERIES.NO_BMM_INFO.SDP.WIDE_PRIM36.ram has an input control pin fourier_bram_i/DFTStageWrapperLeft/U0/inst_BlockRam/U0/inst_blk_mem_gen/gnbram.gnativebmg.native_blk_mem_gen/valid.cstr/ramloop[0].ram.r/prim_init.ram/DEVICE_7SERIES.NO_BMM_INFO.SDP.WIDE_PRIM36.ram/ADDRBWRADDR[8] (net: fourier_bram_i/DFTStageWrapperLeft/U0/inst_BlockRam/U0/inst_blk_mem_gen/gnbram.gnativebmg.native_blk_mem_gen/valid.cstr/ramloop[0].ram.r/prim_init.ram/addra[2]) which is driven by a register (fourier_bram_i/DFTStageWrapperLeft/U0/inst_DFTStage/r_bramWaddr_reg[2]) that has an active asychronous set or reset. This may cause corruption of the memory contents and/or read values when the set/reset is asserted and is not analyzed by the default static timing analysis. It is suggested to eliminate the use of a set/reset to registers driving this RAMB pin or else use a synchronous reset in which the assertion of the reset is timed by default.
Related violations: <none>

REQP-1839#16 Warning
RAMB36 async control check  
The RAMB36E1 fourier_bram_i/DFTStageWrapperLeft/U0/inst_BlockRam/U0/inst_blk_mem_gen/gnbram.gnativebmg.native_blk_mem_gen/valid.cstr/ramloop[0].ram.r/prim_init.ram/DEVICE_7SERIES.NO_BMM_INFO.SDP.WIDE_PRIM36.ram has an input control pin fourier_bram_i/DFTStageWrapperLeft/U0/inst_BlockRam/U0/inst_blk_mem_gen/gnbram.gnativebmg.native_blk_mem_gen/valid.cstr/ramloop[0].ram.r/prim_init.ram/DEVICE_7SERIES.NO_BMM_INFO.SDP.WIDE_PRIM36.ram/ADDRBWRADDR[9] (net: fourier_bram_i/DFTStageWrapperLeft/U0/inst_BlockRam/U0/inst_blk_mem_gen/gnbram.gnativebmg.native_blk_mem_gen/valid.cstr/ramloop[0].ram.r/prim_init.ram/addra[3]) which is driven by a register (fourier_bram_i/DFTStageWrapperLeft/U0/inst_DFTStage/r_bramWaddr_reg[3]) that has an active asychronous set or reset. This may cause corruption of the memory contents and/or read values when the set/reset is asserted and is not analyzed by the default static timing analysis. It is suggested to eliminate the use of a set/reset to registers driving this RAMB pin or else use a synchronous reset in which the assertion of the reset is timed by default.
Related violations: <none>

REQP-1839#17 Warning
RAMB36 async control check  
The RAMB36E1 fourier_bram_i/DFTStageWrapperLeft/U0/inst_BlockRam/U0/inst_blk_mem_gen/gnbram.gnativebmg.native_blk_mem_gen/valid.cstr/ramloop[0].ram.r/prim_init.ram/DEVICE_7SERIES.NO_BMM_INFO.SDP.WIDE_PRIM36.ram has an input control pin fourier_bram_i/DFTStageWrapperLeft/U0/inst_BlockRam/U0/inst_blk_mem_gen/gnbram.gnativebmg.native_blk_mem_gen/valid.cstr/ramloop[0].ram.r/prim_init.ram/DEVICE_7SERIES.NO_BMM_INFO.SDP.WIDE_PRIM36.ram/ENARDEN (net: fourier_bram_i/DFTStageWrapperLeft/U0/inst_BlockRam/U0/inst_blk_mem_gen/gnbram.gnativebmg.native_blk_mem_gen/valid.cstr/ramloop[0].ram.r/prim_init.ram/enb) which is driven by a register (fourier_bram_i/DFTStageWrapperLeft/U0/inst_DFTStage/r_bramRe_reg) that has an active asychronous set or reset. This may cause corruption of the memory contents and/or read values when the set/reset is asserted and is not analyzed by the default static timing analysis. It is suggested to eliminate the use of a set/reset to registers driving this RAMB pin or else use a synchronous reset in which the assertion of the reset is timed by default.
Related violations: <none>

REQP-1839#18 Warning
RAMB36 async control check  
The RAMB36E1 fourier_bram_i/DFTStageWrapperLeft/U0/inst_BlockRam/U0/inst_blk_mem_gen/gnbram.gnativebmg.native_blk_mem_gen/valid.cstr/ramloop[0].ram.r/prim_init.ram/DEVICE_7SERIES.NO_BMM_INFO.SDP.WIDE_PRIM36.ram has an input control pin fourier_bram_i/DFTStageWrapperLeft/U0/inst_BlockRam/U0/inst_blk_mem_gen/gnbram.gnativebmg.native_blk_mem_gen/valid.cstr/ramloop[0].ram.r/prim_init.ram/DEVICE_7SERIES.NO_BMM_INFO.SDP.WIDE_PRIM36.ram/ENBWREN (net: fourier_bram_i/DFTStageWrapperLeft/U0/inst_BlockRam/U0/inst_blk_mem_gen/gnbram.gnativebmg.native_blk_mem_gen/valid.cstr/ramloop[0].ram.r/prim_init.ram/ena) which is driven by a register (fourier_bram_i/DFTStageWrapperLeft/U0/inst_DFTStage/r_bramWe_reg) that has an active asychronous set or reset. This may cause corruption of the memory contents and/or read values when the set/reset is asserted and is not analyzed by the default static timing analysis. It is suggested to eliminate the use of a set/reset to registers driving this RAMB pin or else use a synchronous reset in which the assertion of the reset is timed by default.
Related violations: <none>

REQP-1839#19 Warning
RAMB36 async control check  
The RAMB36E1 fourier_bram_i/DFTStageWrapperLeft/U0/inst_BlockRam/U0/inst_blk_mem_gen/gnbram.gnativebmg.native_blk_mem_gen/valid.cstr/ramloop[0].ram.r/prim_init.ram/DEVICE_7SERIES.NO_BMM_INFO.SDP.WIDE_PRIM36.ram has an input control pin fourier_bram_i/DFTStageWrapperLeft/U0/inst_BlockRam/U0/inst_blk_mem_gen/gnbram.gnativebmg.native_blk_mem_gen/valid.cstr/ramloop[0].ram.r/prim_init.ram/DEVICE_7SERIES.NO_BMM_INFO.SDP.WIDE_PRIM36.ram/WEBWE[6] (net: fourier_bram_i/DFTStageWrapperLeft/U0/inst_BlockRam/U0/inst_blk_mem_gen/gnbram.gnativebmg.native_blk_mem_gen/valid.cstr/ramloop[0].ram.r/prim_init.ram/wea[0]) which is driven by a register (fourier_bram_i/DFTStageWrapperLeft/U0/inst_DFTStage/r_bramWe_reg) that has an active asychronous set or reset. This may cause corruption of the memory contents and/or read values when the set/reset is asserted and is not analyzed by the default static timing analysis. It is suggested to eliminate the use of a set/reset to registers driving this RAMB pin or else use a synchronous reset in which the assertion of the reset is timed by default.
Related violations: <none>

REQP-1839#20 Warning
RAMB36 async control check  
The RAMB36E1 fourier_bram_i/DFTStageWrapperLeft/U0/inst_BlockRam/U0/inst_blk_mem_gen/gnbram.gnativebmg.native_blk_mem_gen/valid.cstr/ramloop[0].ram.r/prim_init.ram/DEVICE_7SERIES.NO_BMM_INFO.SDP.WIDE_PRIM36.ram has an input control pin fourier_bram_i/DFTStageWrapperLeft/U0/inst_BlockRam/U0/inst_blk_mem_gen/gnbram.gnativebmg.native_blk_mem_gen/valid.cstr/ramloop[0].ram.r/prim_init.ram/DEVICE_7SERIES.NO_BMM_INFO.SDP.WIDE_PRIM36.ram/WEBWE[7] (net: fourier_bram_i/DFTStageWrapperLeft/U0/inst_BlockRam/U0/inst_blk_mem_gen/gnbram.gnativebmg.native_blk_mem_gen/valid.cstr/ramloop[0].ram.r/prim_init.ram/wea[0]) which is driven by a register (fourier_bram_i/DFTStageWrapperLeft/U0/inst_DFTStage/r_bramWe_reg) that has an active asychronous set or reset. This may cause corruption of the memory contents and/or read values when the set/reset is asserted and is not analyzed by the default static timing analysis. It is suggested to eliminate the use of a set/reset to registers driving this RAMB pin or else use a synchronous reset in which the assertion of the reset is timed by default.
Related violations: <none>

REQP-1840#1 Warning
RAMB18 async control check  
The RAMB18E1 fourier_bram_i/DFTStageWrapperLeft/U0/inst_DFTStage/inst_eFunctionRom/inst_rom_e_imag/U0/inst_blk_mem_gen/gnbram.gnativebmg.native_blk_mem_gen/valid.cstr/ramloop[0].ram.r/prim_init.ram/DEVICE_7SERIES.NO_BMM_INFO.SP.WIDE_PRIM18.ram has an input control pin fourier_bram_i/DFTStageWrapperLeft/U0/inst_DFTStage/inst_eFunctionRom/inst_rom_e_imag/U0/inst_blk_mem_gen/gnbram.gnativebmg.native_blk_mem_gen/valid.cstr/ramloop[0].ram.r/prim_init.ram/DEVICE_7SERIES.NO_BMM_INFO.SP.WIDE_PRIM18.ram/ADDRARDADDR[10] (net: fourier_bram_i/DFTStageWrapperLeft/U0/inst_DFTStage/inst_eFunctionRom/inst_rom_e_imag/U0/inst_blk_mem_gen/gnbram.gnativebmg.native_blk_mem_gen/valid.cstr/ramloop[0].ram.r/prim_init.ram/addra[5]) which is driven by a register (fourier_bram_i/DFTStageWrapperLeft/U0/inst_DFTStage/r_eAddress_reg[5]) that has an active asychronous set or reset. This may cause corruption of the memory contents and/or read values when the set/reset is asserted and is not analyzed by the default static timing analysis. It is suggested to eliminate the use of a set/reset to registers driving this RAMB pin or else use a synchronous reset in which the assertion of the reset is timed by default.
Related violations: <none>

REQP-1840#2 Warning
RAMB18 async control check  
The RAMB18E1 fourier_bram_i/DFTStageWrapperLeft/U0/inst_DFTStage/inst_eFunctionRom/inst_rom_e_imag/U0/inst_blk_mem_gen/gnbram.gnativebmg.native_blk_mem_gen/valid.cstr/ramloop[0].ram.r/prim_init.ram/DEVICE_7SERIES.NO_BMM_INFO.SP.WIDE_PRIM18.ram has an input control pin fourier_bram_i/DFTStageWrapperLeft/U0/inst_DFTStage/inst_eFunctionRom/inst_rom_e_imag/U0/inst_blk_mem_gen/gnbram.gnativebmg.native_blk_mem_gen/valid.cstr/ramloop[0].ram.r/prim_init.ram/DEVICE_7SERIES.NO_BMM_INFO.SP.WIDE_PRIM18.ram/ADDRARDADDR[11] (net: fourier_bram_i/DFTStageWrapperLeft/U0/inst_DFTStage/inst_eFunctionRom/inst_rom_e_imag/U0/inst_blk_mem_gen/gnbram.gnativebmg.native_blk_mem_gen/valid.cstr/ramloop[0].ram.r/prim_init.ram/addra[6]) which is driven by a register (fourier_bram_i/DFTStageWrapperLeft/U0/inst_DFTStage/r_eAddress_reg[6]) that has an active asychronous set or reset. This may cause corruption of the memory contents and/or read values when the set/reset is asserted and is not analyzed by the default static timing analysis. It is suggested to eliminate the use of a set/reset to registers driving this RAMB pin or else use a synchronous reset in which the assertion of the reset is timed by default.
Related violations: <none>

REQP-1840#3 Warning
RAMB18 async control check  
The RAMB18E1 fourier_bram_i/DFTStageWrapperLeft/U0/inst_DFTStage/inst_eFunctionRom/inst_rom_e_imag/U0/inst_blk_mem_gen/gnbram.gnativebmg.native_blk_mem_gen/valid.cstr/ramloop[0].ram.r/prim_init.ram/DEVICE_7SERIES.NO_BMM_INFO.SP.WIDE_PRIM18.ram has an input control pin fourier_bram_i/DFTStageWrapperLeft/U0/inst_DFTStage/inst_eFunctionRom/inst_rom_e_imag/U0/inst_blk_mem_gen/gnbram.gnativebmg.native_blk_mem_gen/valid.cstr/ramloop[0].ram.r/prim_init.ram/DEVICE_7SERIES.NO_BMM_INFO.SP.WIDE_PRIM18.ram/ADDRARDADDR[12] (net: fourier_bram_i/DFTStageWrapperLeft/U0/inst_DFTStage/inst_eFunctionRom/inst_rom_e_imag/U0/inst_blk_mem_gen/gnbram.gnativebmg.native_blk_mem_gen/valid.cstr/ramloop[0].ram.r/prim_init.ram/addra[7]) which is driven by a register (fourier_bram_i/DFTStageWrapperLeft/U0/inst_DFTStage/r_eAddress_reg[7]) that has an active asychronous set or reset. This may cause corruption of the memory contents and/or read values when the set/reset is asserted and is not analyzed by the default static timing analysis. It is suggested to eliminate the use of a set/reset to registers driving this RAMB pin or else use a synchronous reset in which the assertion of the reset is timed by default.
Related violations: <none>

REQP-1840#4 Warning
RAMB18 async control check  
The RAMB18E1 fourier_bram_i/DFTStageWrapperLeft/U0/inst_DFTStage/inst_eFunctionRom/inst_rom_e_imag/U0/inst_blk_mem_gen/gnbram.gnativebmg.native_blk_mem_gen/valid.cstr/ramloop[0].ram.r/prim_init.ram/DEVICE_7SERIES.NO_BMM_INFO.SP.WIDE_PRIM18.ram has an input control pin fourier_bram_i/DFTStageWrapperLeft/U0/inst_DFTStage/inst_eFunctionRom/inst_rom_e_imag/U0/inst_blk_mem_gen/gnbram.gnativebmg.native_blk_mem_gen/valid.cstr/ramloop[0].ram.r/prim_init.ram/DEVICE_7SERIES.NO_BMM_INFO.SP.WIDE_PRIM18.ram/ADDRARDADDR[5] (net: fourier_bram_i/DFTStageWrapperLeft/U0/inst_DFTStage/inst_eFunctionRom/inst_rom_e_imag/U0/inst_blk_mem_gen/gnbram.gnativebmg.native_blk_mem_gen/valid.cstr/ramloop[0].ram.r/prim_init.ram/addra[0]) which is driven by a register (fourier_bram_i/DFTStageWrapperLeft/U0/inst_DFTStage/r_eAddress_reg[0]) that has an active asychronous set or reset. This may cause corruption of the memory contents and/or read values when the set/reset is asserted and is not analyzed by the default static timing analysis. It is suggested to eliminate the use of a set/reset to registers driving this RAMB pin or else use a synchronous reset in which the assertion of the reset is timed by default.
Related violations: <none>

REQP-1840#5 Warning
RAMB18 async control check  
The RAMB18E1 fourier_bram_i/DFTStageWrapperLeft/U0/inst_DFTStage/inst_eFunctionRom/inst_rom_e_imag/U0/inst_blk_mem_gen/gnbram.gnativebmg.native_blk_mem_gen/valid.cstr/ramloop[0].ram.r/prim_init.ram/DEVICE_7SERIES.NO_BMM_INFO.SP.WIDE_PRIM18.ram has an input control pin fourier_bram_i/DFTStageWrapperLeft/U0/inst_DFTStage/inst_eFunctionRom/inst_rom_e_imag/U0/inst_blk_mem_gen/gnbram.gnativebmg.native_blk_mem_gen/valid.cstr/ramloop[0].ram.r/prim_init.ram/DEVICE_7SERIES.NO_BMM_INFO.SP.WIDE_PRIM18.ram/ADDRARDADDR[6] (net: fourier_bram_i/DFTStageWrapperLeft/U0/inst_DFTStage/inst_eFunctionRom/inst_rom_e_imag/U0/inst_blk_mem_gen/gnbram.gnativebmg.native_blk_mem_gen/valid.cstr/ramloop[0].ram.r/prim_init.ram/addra[1]) which is driven by a register (fourier_bram_i/DFTStageWrapperLeft/U0/inst_DFTStage/r_eAddress_reg[1]) that has an active asychronous set or reset. This may cause corruption of the memory contents and/or read values when the set/reset is asserted and is not analyzed by the default static timing analysis. It is suggested to eliminate the use of a set/reset to registers driving this RAMB pin or else use a synchronous reset in which the assertion of the reset is timed by default.
Related violations: <none>

REQP-1840#6 Warning
RAMB18 async control check  
The RAMB18E1 fourier_bram_i/DFTStageWrapperLeft/U0/inst_DFTStage/inst_eFunctionRom/inst_rom_e_imag/U0/inst_blk_mem_gen/gnbram.gnativebmg.native_blk_mem_gen/valid.cstr/ramloop[0].ram.r/prim_init.ram/DEVICE_7SERIES.NO_BMM_INFO.SP.WIDE_PRIM18.ram has an input control pin fourier_bram_i/DFTStageWrapperLeft/U0/inst_DFTStage/inst_eFunctionRom/inst_rom_e_imag/U0/inst_blk_mem_gen/gnbram.gnativebmg.native_blk_mem_gen/valid.cstr/ramloop[0].ram.r/prim_init.ram/DEVICE_7SERIES.NO_BMM_INFO.SP.WIDE_PRIM18.ram/ADDRARDADDR[7] (net: fourier_bram_i/DFTStageWrapperLeft/U0/inst_DFTStage/inst_eFunctionRom/inst_rom_e_imag/U0/inst_blk_mem_gen/gnbram.gnativebmg.native_blk_mem_gen/valid.cstr/ramloop[0].ram.r/prim_init.ram/addra[2]) which is driven by a register (fourier_bram_i/DFTStageWrapperLeft/U0/inst_DFTStage/r_eAddress_reg[2]) that has an active asychronous set or reset. This may cause corruption of the memory contents and/or read values when the set/reset is asserted and is not analyzed by the default static timing analysis. It is suggested to eliminate the use of a set/reset to registers driving this RAMB pin or else use a synchronous reset in which the assertion of the reset is timed by default.
Related violations: <none>

REQP-1840#7 Warning
RAMB18 async control check  
The RAMB18E1 fourier_bram_i/DFTStageWrapperLeft/U0/inst_DFTStage/inst_eFunctionRom/inst_rom_e_imag/U0/inst_blk_mem_gen/gnbram.gnativebmg.native_blk_mem_gen/valid.cstr/ramloop[0].ram.r/prim_init.ram/DEVICE_7SERIES.NO_BMM_INFO.SP.WIDE_PRIM18.ram has an input control pin fourier_bram_i/DFTStageWrapperLeft/U0/inst_DFTStage/inst_eFunctionRom/inst_rom_e_imag/U0/inst_blk_mem_gen/gnbram.gnativebmg.native_blk_mem_gen/valid.cstr/ramloop[0].ram.r/prim_init.ram/DEVICE_7SERIES.NO_BMM_INFO.SP.WIDE_PRIM18.ram/ADDRARDADDR[8] (net: fourier_bram_i/DFTStageWrapperLeft/U0/inst_DFTStage/inst_eFunctionRom/inst_rom_e_imag/U0/inst_blk_mem_gen/gnbram.gnativebmg.native_blk_mem_gen/valid.cstr/ramloop[0].ram.r/prim_init.ram/addra[3]) which is driven by a register (fourier_bram_i/DFTStageWrapperLeft/U0/inst_DFTStage/r_eAddress_reg[3]) that has an active asychronous set or reset. This may cause corruption of the memory contents and/or read values when the set/reset is asserted and is not analyzed by the default static timing analysis. It is suggested to eliminate the use of a set/reset to registers driving this RAMB pin or else use a synchronous reset in which the assertion of the reset is timed by default.
Related violations: <none>

REQP-1840#8 Warning
RAMB18 async control check  
The RAMB18E1 fourier_bram_i/DFTStageWrapperLeft/U0/inst_DFTStage/inst_eFunctionRom/inst_rom_e_imag/U0/inst_blk_mem_gen/gnbram.gnativebmg.native_blk_mem_gen/valid.cstr/ramloop[0].ram.r/prim_init.ram/DEVICE_7SERIES.NO_BMM_INFO.SP.WIDE_PRIM18.ram has an input control pin fourier_bram_i/DFTStageWrapperLeft/U0/inst_DFTStage/inst_eFunctionRom/inst_rom_e_imag/U0/inst_blk_mem_gen/gnbram.gnativebmg.native_blk_mem_gen/valid.cstr/ramloop[0].ram.r/prim_init.ram/DEVICE_7SERIES.NO_BMM_INFO.SP.WIDE_PRIM18.ram/ADDRARDADDR[9] (net: fourier_bram_i/DFTStageWrapperLeft/U0/inst_DFTStage/inst_eFunctionRom/inst_rom_e_imag/U0/inst_blk_mem_gen/gnbram.gnativebmg.native_blk_mem_gen/valid.cstr/ramloop[0].ram.r/prim_init.ram/addra[4]) which is driven by a register (fourier_bram_i/DFTStageWrapperLeft/U0/inst_DFTStage/r_eAddress_reg[4]) that has an active asychronous set or reset. This may cause corruption of the memory contents and/or read values when the set/reset is asserted and is not analyzed by the default static timing analysis. It is suggested to eliminate the use of a set/reset to registers driving this RAMB pin or else use a synchronous reset in which the assertion of the reset is timed by default.
Related violations: <none>

REQP-1840#9 Warning
RAMB18 async control check  
The RAMB18E1 fourier_bram_i/DFTStageWrapperLeft/U0/inst_DFTStage/inst_eFunctionRom/inst_rom_e_imag/U0/inst_blk_mem_gen/gnbram.gnativebmg.native_blk_mem_gen/valid.cstr/ramloop[0].ram.r/prim_init.ram/DEVICE_7SERIES.NO_BMM_INFO.SP.WIDE_PRIM18.ram has an input control pin fourier_bram_i/DFTStageWrapperLeft/U0/inst_DFTStage/inst_eFunctionRom/inst_rom_e_imag/U0/inst_blk_mem_gen/gnbram.gnativebmg.native_blk_mem_gen/valid.cstr/ramloop[0].ram.r/prim_init.ram/DEVICE_7SERIES.NO_BMM_INFO.SP.WIDE_PRIM18.ram/ADDRBWRADDR[10] (net: fourier_bram_i/DFTStageWrapperLeft/U0/inst_DFTStage/inst_eFunctionRom/inst_rom_e_imag/U0/inst_blk_mem_gen/gnbram.gnativebmg.native_blk_mem_gen/valid.cstr/ramloop[0].ram.r/prim_init.ram/addra[5]) which is driven by a register (fourier_bram_i/DFTStageWrapperLeft/U0/inst_DFTStage/r_eAddress_reg[5]) that has an active asychronous set or reset. This may cause corruption of the memory contents and/or read values when the set/reset is asserted and is not analyzed by the default static timing analysis. It is suggested to eliminate the use of a set/reset to registers driving this RAMB pin or else use a synchronous reset in which the assertion of the reset is timed by default.
Related violations: <none>

REQP-1840#10 Warning
RAMB18 async control check  
The RAMB18E1 fourier_bram_i/DFTStageWrapperLeft/U0/inst_DFTStage/inst_eFunctionRom/inst_rom_e_imag/U0/inst_blk_mem_gen/gnbram.gnativebmg.native_blk_mem_gen/valid.cstr/ramloop[0].ram.r/prim_init.ram/DEVICE_7SERIES.NO_BMM_INFO.SP.WIDE_PRIM18.ram has an input control pin fourier_bram_i/DFTStageWrapperLeft/U0/inst_DFTStage/inst_eFunctionRom/inst_rom_e_imag/U0/inst_blk_mem_gen/gnbram.gnativebmg.native_blk_mem_gen/valid.cstr/ramloop[0].ram.r/prim_init.ram/DEVICE_7SERIES.NO_BMM_INFO.SP.WIDE_PRIM18.ram/ADDRBWRADDR[11] (net: fourier_bram_i/DFTStageWrapperLeft/U0/inst_DFTStage/inst_eFunctionRom/inst_rom_e_imag/U0/inst_blk_mem_gen/gnbram.gnativebmg.native_blk_mem_gen/valid.cstr/ramloop[0].ram.r/prim_init.ram/addra[6]) which is driven by a register (fourier_bram_i/DFTStageWrapperLeft/U0/inst_DFTStage/r_eAddress_reg[6]) that has an active asychronous set or reset. This may cause corruption of the memory contents and/or read values when the set/reset is asserted and is not analyzed by the default static timing analysis. It is suggested to eliminate the use of a set/reset to registers driving this RAMB pin or else use a synchronous reset in which the assertion of the reset is timed by default.
Related violations: <none>

REQP-1840#11 Warning
RAMB18 async control check  
The RAMB18E1 fourier_bram_i/DFTStageWrapperLeft/U0/inst_DFTStage/inst_eFunctionRom/inst_rom_e_imag/U0/inst_blk_mem_gen/gnbram.gnativebmg.native_blk_mem_gen/valid.cstr/ramloop[0].ram.r/prim_init.ram/DEVICE_7SERIES.NO_BMM_INFO.SP.WIDE_PRIM18.ram has an input control pin fourier_bram_i/DFTStageWrapperLeft/U0/inst_DFTStage/inst_eFunctionRom/inst_rom_e_imag/U0/inst_blk_mem_gen/gnbram.gnativebmg.native_blk_mem_gen/valid.cstr/ramloop[0].ram.r/prim_init.ram/DEVICE_7SERIES.NO_BMM_INFO.SP.WIDE_PRIM18.ram/ADDRBWRADDR[12] (net: fourier_bram_i/DFTStageWrapperLeft/U0/inst_DFTStage/inst_eFunctionRom/inst_rom_e_imag/U0/inst_blk_mem_gen/gnbram.gnativebmg.native_blk_mem_gen/valid.cstr/ramloop[0].ram.r/prim_init.ram/addra[7]) which is driven by a register (fourier_bram_i/DFTStageWrapperLeft/U0/inst_DFTStage/r_eAddress_reg[7]) that has an active asychronous set or reset. This may cause corruption of the memory contents and/or read values when the set/reset is asserted and is not analyzed by the default static timing analysis. It is suggested to eliminate the use of a set/reset to registers driving this RAMB pin or else use a synchronous reset in which the assertion of the reset is timed by default.
Related violations: <none>

REQP-1840#12 Warning
RAMB18 async control check  
The RAMB18E1 fourier_bram_i/DFTStageWrapperLeft/U0/inst_DFTStage/inst_eFunctionRom/inst_rom_e_imag/U0/inst_blk_mem_gen/gnbram.gnativebmg.native_blk_mem_gen/valid.cstr/ramloop[0].ram.r/prim_init.ram/DEVICE_7SERIES.NO_BMM_INFO.SP.WIDE_PRIM18.ram has an input control pin fourier_bram_i/DFTStageWrapperLeft/U0/inst_DFTStage/inst_eFunctionRom/inst_rom_e_imag/U0/inst_blk_mem_gen/gnbram.gnativebmg.native_blk_mem_gen/valid.cstr/ramloop[0].ram.r/prim_init.ram/DEVICE_7SERIES.NO_BMM_INFO.SP.WIDE_PRIM18.ram/ADDRBWRADDR[5] (net: fourier_bram_i/DFTStageWrapperLeft/U0/inst_DFTStage/inst_eFunctionRom/inst_rom_e_imag/U0/inst_blk_mem_gen/gnbram.gnativebmg.native_blk_mem_gen/valid.cstr/ramloop[0].ram.r/prim_init.ram/addra[0]) which is driven by a register (fourier_bram_i/DFTStageWrapperLeft/U0/inst_DFTStage/r_eAddress_reg[0]) that has an active asychronous set or reset. This may cause corruption of the memory contents and/or read values when the set/reset is asserted and is not analyzed by the default static timing analysis. It is suggested to eliminate the use of a set/reset to registers driving this RAMB pin or else use a synchronous reset in which the assertion of the reset is timed by default.
Related violations: <none>

REQP-1840#13 Warning
RAMB18 async control check  
The RAMB18E1 fourier_bram_i/DFTStageWrapperLeft/U0/inst_DFTStage/inst_eFunctionRom/inst_rom_e_imag/U0/inst_blk_mem_gen/gnbram.gnativebmg.native_blk_mem_gen/valid.cstr/ramloop[0].ram.r/prim_init.ram/DEVICE_7SERIES.NO_BMM_INFO.SP.WIDE_PRIM18.ram has an input control pin fourier_bram_i/DFTStageWrapperLeft/U0/inst_DFTStage/inst_eFunctionRom/inst_rom_e_imag/U0/inst_blk_mem_gen/gnbram.gnativebmg.native_blk_mem_gen/valid.cstr/ramloop[0].ram.r/prim_init.ram/DEVICE_7SERIES.NO_BMM_INFO.SP.WIDE_PRIM18.ram/ADDRBWRADDR[6] (net: fourier_bram_i/DFTStageWrapperLeft/U0/inst_DFTStage/inst_eFunctionRom/inst_rom_e_imag/U0/inst_blk_mem_gen/gnbram.gnativebmg.native_blk_mem_gen/valid.cstr/ramloop[0].ram.r/prim_init.ram/addra[1]) which is driven by a register (fourier_bram_i/DFTStageWrapperLeft/U0/inst_DFTStage/r_eAddress_reg[1]) that has an active asychronous set or reset. This may cause corruption of the memory contents and/or read values when the set/reset is asserted and is not analyzed by the default static timing analysis. It is suggested to eliminate the use of a set/reset to registers driving this RAMB pin or else use a synchronous reset in which the assertion of the reset is timed by default.
Related violations: <none>

REQP-1840#14 Warning
RAMB18 async control check  
The RAMB18E1 fourier_bram_i/DFTStageWrapperLeft/U0/inst_DFTStage/inst_eFunctionRom/inst_rom_e_imag/U0/inst_blk_mem_gen/gnbram.gnativebmg.native_blk_mem_gen/valid.cstr/ramloop[0].ram.r/prim_init.ram/DEVICE_7SERIES.NO_BMM_INFO.SP.WIDE_PRIM18.ram has an input control pin fourier_bram_i/DFTStageWrapperLeft/U0/inst_DFTStage/inst_eFunctionRom/inst_rom_e_imag/U0/inst_blk_mem_gen/gnbram.gnativebmg.native_blk_mem_gen/valid.cstr/ramloop[0].ram.r/prim_init.ram/DEVICE_7SERIES.NO_BMM_INFO.SP.WIDE_PRIM18.ram/ADDRBWRADDR[7] (net: fourier_bram_i/DFTStageWrapperLeft/U0/inst_DFTStage/inst_eFunctionRom/inst_rom_e_imag/U0/inst_blk_mem_gen/gnbram.gnativebmg.native_blk_mem_gen/valid.cstr/ramloop[0].ram.r/prim_init.ram/addra[2]) which is driven by a register (fourier_bram_i/DFTStageWrapperLeft/U0/inst_DFTStage/r_eAddress_reg[2]) that has an active asychronous set or reset. This may cause corruption of the memory contents and/or read values when the set/reset is asserted and is not analyzed by the default static timing analysis. It is suggested to eliminate the use of a set/reset to registers driving this RAMB pin or else use a synchronous reset in which the assertion of the reset is timed by default.
Related violations: <none>

REQP-1840#15 Warning
RAMB18 async control check  
The RAMB18E1 fourier_bram_i/DFTStageWrapperLeft/U0/inst_DFTStage/inst_eFunctionRom/inst_rom_e_imag/U0/inst_blk_mem_gen/gnbram.gnativebmg.native_blk_mem_gen/valid.cstr/ramloop[0].ram.r/prim_init.ram/DEVICE_7SERIES.NO_BMM_INFO.SP.WIDE_PRIM18.ram has an input control pin fourier_bram_i/DFTStageWrapperLeft/U0/inst_DFTStage/inst_eFunctionRom/inst_rom_e_imag/U0/inst_blk_mem_gen/gnbram.gnativebmg.native_blk_mem_gen/valid.cstr/ramloop[0].ram.r/prim_init.ram/DEVICE_7SERIES.NO_BMM_INFO.SP.WIDE_PRIM18.ram/ADDRBWRADDR[8] (net: fourier_bram_i/DFTStageWrapperLeft/U0/inst_DFTStage/inst_eFunctionRom/inst_rom_e_imag/U0/inst_blk_mem_gen/gnbram.gnativebmg.native_blk_mem_gen/valid.cstr/ramloop[0].ram.r/prim_init.ram/addra[3]) which is driven by a register (fourier_bram_i/DFTStageWrapperLeft/U0/inst_DFTStage/r_eAddress_reg[3]) that has an active asychronous set or reset. This may cause corruption of the memory contents and/or read values when the set/reset is asserted and is not analyzed by the default static timing analysis. It is suggested to eliminate the use of a set/reset to registers driving this RAMB pin or else use a synchronous reset in which the assertion of the reset is timed by default.
Related violations: <none>

REQP-1840#16 Warning
RAMB18 async control check  
The RAMB18E1 fourier_bram_i/DFTStageWrapperLeft/U0/inst_DFTStage/inst_eFunctionRom/inst_rom_e_imag/U0/inst_blk_mem_gen/gnbram.gnativebmg.native_blk_mem_gen/valid.cstr/ramloop[0].ram.r/prim_init.ram/DEVICE_7SERIES.NO_BMM_INFO.SP.WIDE_PRIM18.ram has an input control pin fourier_bram_i/DFTStageWrapperLeft/U0/inst_DFTStage/inst_eFunctionRom/inst_rom_e_imag/U0/inst_blk_mem_gen/gnbram.gnativebmg.native_blk_mem_gen/valid.cstr/ramloop[0].ram.r/prim_init.ram/DEVICE_7SERIES.NO_BMM_INFO.SP.WIDE_PRIM18.ram/ADDRBWRADDR[9] (net: fourier_bram_i/DFTStageWrapperLeft/U0/inst_DFTStage/inst_eFunctionRom/inst_rom_e_imag/U0/inst_blk_mem_gen/gnbram.gnativebmg.native_blk_mem_gen/valid.cstr/ramloop[0].ram.r/prim_init.ram/addra[4]) which is driven by a register (fourier_bram_i/DFTStageWrapperLeft/U0/inst_DFTStage/r_eAddress_reg[4]) that has an active asychronous set or reset. This may cause corruption of the memory contents and/or read values when the set/reset is asserted and is not analyzed by the default static timing analysis. It is suggested to eliminate the use of a set/reset to registers driving this RAMB pin or else use a synchronous reset in which the assertion of the reset is timed by default.
Related violations: <none>

REQP-1840#17 Warning
RAMB18 async control check  
The RAMB18E1 fourier_bram_i/DFTStageWrapperLeft/U0/inst_DFTStage/inst_eFunctionRom/inst_rom_e_real/U0/inst_blk_mem_gen/gnbram.gnativebmg.native_blk_mem_gen/valid.cstr/ramloop[0].ram.r/prim_init.ram/DEVICE_7SERIES.NO_BMM_INFO.SP.WIDE_PRIM18.ram has an input control pin fourier_bram_i/DFTStageWrapperLeft/U0/inst_DFTStage/inst_eFunctionRom/inst_rom_e_real/U0/inst_blk_mem_gen/gnbram.gnativebmg.native_blk_mem_gen/valid.cstr/ramloop[0].ram.r/prim_init.ram/DEVICE_7SERIES.NO_BMM_INFO.SP.WIDE_PRIM18.ram/ADDRARDADDR[10] (net: fourier_bram_i/DFTStageWrapperLeft/U0/inst_DFTStage/inst_eFunctionRom/inst_rom_e_real/U0/inst_blk_mem_gen/gnbram.gnativebmg.native_blk_mem_gen/valid.cstr/ramloop[0].ram.r/prim_init.ram/addra[5]) which is driven by a register (fourier_bram_i/DFTStageWrapperLeft/U0/inst_DFTStage/r_eAddress_reg[5]) that has an active asychronous set or reset. This may cause corruption of the memory contents and/or read values when the set/reset is asserted and is not analyzed by the default static timing analysis. It is suggested to eliminate the use of a set/reset to registers driving this RAMB pin or else use a synchronous reset in which the assertion of the reset is timed by default.
Related violations: <none>

REQP-1840#18 Warning
RAMB18 async control check  
The RAMB18E1 fourier_bram_i/DFTStageWrapperLeft/U0/inst_DFTStage/inst_eFunctionRom/inst_rom_e_real/U0/inst_blk_mem_gen/gnbram.gnativebmg.native_blk_mem_gen/valid.cstr/ramloop[0].ram.r/prim_init.ram/DEVICE_7SERIES.NO_BMM_INFO.SP.WIDE_PRIM18.ram has an input control pin fourier_bram_i/DFTStageWrapperLeft/U0/inst_DFTStage/inst_eFunctionRom/inst_rom_e_real/U0/inst_blk_mem_gen/gnbram.gnativebmg.native_blk_mem_gen/valid.cstr/ramloop[0].ram.r/prim_init.ram/DEVICE_7SERIES.NO_BMM_INFO.SP.WIDE_PRIM18.ram/ADDRARDADDR[11] (net: fourier_bram_i/DFTStageWrapperLeft/U0/inst_DFTStage/inst_eFunctionRom/inst_rom_e_real/U0/inst_blk_mem_gen/gnbram.gnativebmg.native_blk_mem_gen/valid.cstr/ramloop[0].ram.r/prim_init.ram/addra[6]) which is driven by a register (fourier_bram_i/DFTStageWrapperLeft/U0/inst_DFTStage/r_eAddress_reg[6]) that has an active asychronous set or reset. This may cause corruption of the memory contents and/or read values when the set/reset is asserted and is not analyzed by the default static timing analysis. It is suggested to eliminate the use of a set/reset to registers driving this RAMB pin or else use a synchronous reset in which the assertion of the reset is timed by default.
Related violations: <none>

REQP-1840#19 Warning
RAMB18 async control check  
The RAMB18E1 fourier_bram_i/DFTStageWrapperLeft/U0/inst_DFTStage/inst_eFunctionRom/inst_rom_e_real/U0/inst_blk_mem_gen/gnbram.gnativebmg.native_blk_mem_gen/valid.cstr/ramloop[0].ram.r/prim_init.ram/DEVICE_7SERIES.NO_BMM_INFO.SP.WIDE_PRIM18.ram has an input control pin fourier_bram_i/DFTStageWrapperLeft/U0/inst_DFTStage/inst_eFunctionRom/inst_rom_e_real/U0/inst_blk_mem_gen/gnbram.gnativebmg.native_blk_mem_gen/valid.cstr/ramloop[0].ram.r/prim_init.ram/DEVICE_7SERIES.NO_BMM_INFO.SP.WIDE_PRIM18.ram/ADDRARDADDR[12] (net: fourier_bram_i/DFTStageWrapperLeft/U0/inst_DFTStage/inst_eFunctionRom/inst_rom_e_real/U0/inst_blk_mem_gen/gnbram.gnativebmg.native_blk_mem_gen/valid.cstr/ramloop[0].ram.r/prim_init.ram/addra[7]) which is driven by a register (fourier_bram_i/DFTStageWrapperLeft/U0/inst_DFTStage/r_eAddress_reg[7]) that has an active asychronous set or reset. This may cause corruption of the memory contents and/or read values when the set/reset is asserted and is not analyzed by the default static timing analysis. It is suggested to eliminate the use of a set/reset to registers driving this RAMB pin or else use a synchronous reset in which the assertion of the reset is timed by default.
Related violations: <none>

REQP-1840#20 Warning
RAMB18 async control check  
The RAMB18E1 fourier_bram_i/DFTStageWrapperLeft/U0/inst_DFTStage/inst_eFunctionRom/inst_rom_e_real/U0/inst_blk_mem_gen/gnbram.gnativebmg.native_blk_mem_gen/valid.cstr/ramloop[0].ram.r/prim_init.ram/DEVICE_7SERIES.NO_BMM_INFO.SP.WIDE_PRIM18.ram has an input control pin fourier_bram_i/DFTStageWrapperLeft/U0/inst_DFTStage/inst_eFunctionRom/inst_rom_e_real/U0/inst_blk_mem_gen/gnbram.gnativebmg.native_blk_mem_gen/valid.cstr/ramloop[0].ram.r/prim_init.ram/DEVICE_7SERIES.NO_BMM_INFO.SP.WIDE_PRIM18.ram/ADDRARDADDR[9] (net: fourier_bram_i/DFTStageWrapperLeft/U0/inst_DFTStage/inst_eFunctionRom/inst_rom_e_real/U0/inst_blk_mem_gen/gnbram.gnativebmg.native_blk_mem_gen/valid.cstr/ramloop[0].ram.r/prim_init.ram/addra[4]) which is driven by a register (fourier_bram_i/DFTStageWrapperLeft/U0/inst_DFTStage/r_eAddress_reg[4]) that has an active asychronous set or reset. This may cause corruption of the memory contents and/or read values when the set/reset is asserted and is not analyzed by the default static timing analysis. It is suggested to eliminate the use of a set/reset to registers driving this RAMB pin or else use a synchronous reset in which the assertion of the reset is timed by default.
Related violations: <none>

AVAL-4#1 Advisory
enum_USE_DPORT_FALSE_enum_DREG_ADREG_0_connects_CED_CEAD_RSTD_GND  
fourier_bram_i/DFTStageWrapperLeft/U0/inst_DFTStage/inst_ComplexMultiply/inst_imaginary_mul_1/U0/i_synth/device_supports_dsp.use_multadd_dsp/dsp48_multadd.multadd_usecase_inst/i_synth_option.i_synth_model/opt_vx7.i_uniwrap/i_primitive: DSP48E1 is not using the D port (USE_DPORT = FALSE). For improved power characteristics, set DREG and ADREG to '1', tie CED, CEAD, and RSTD to logic '0'.
Related violations: <none>

AVAL-4#2 Advisory
enum_USE_DPORT_FALSE_enum_DREG_ADREG_0_connects_CED_CEAD_RSTD_GND  
fourier_bram_i/DFTStageWrapperLeft/U0/inst_DFTStage/inst_ComplexMultiply/inst_imaginary_mul_2/U0/i_synth/device_supports_dsp.use_multadd_dsp/dsp48_multadd.multadd_usecase_inst/i_synth_option.i_synth_model/opt_vx7.i_uniwrap/i_primitive: DSP48E1 is not using the D port (USE_DPORT = FALSE). For improved power characteristics, set DREG and ADREG to '1', tie CED, CEAD, and RSTD to logic '0'.
Related violations: <none>

AVAL-4#3 Advisory
enum_USE_DPORT_FALSE_enum_DREG_ADREG_0_connects_CED_CEAD_RSTD_GND  
fourier_bram_i/DFTStageWrapperLeft/U0/inst_DFTStage/inst_ComplexMultiply/inst_real_mul_1/U0/i_synth/device_supports_dsp.use_multadd_dsp/dsp48_multadd.multadd_usecase_inst/i_synth_option.i_synth_model/opt_vx7.i_uniwrap/i_primitive: DSP48E1 is not using the D port (USE_DPORT = FALSE). For improved power characteristics, set DREG and ADREG to '1', tie CED, CEAD, and RSTD to logic '0'.
Related violations: <none>

AVAL-4#4 Advisory
enum_USE_DPORT_FALSE_enum_DREG_ADREG_0_connects_CED_CEAD_RSTD_GND  
fourier_bram_i/DFTStageWrapperLeft/U0/inst_DFTStage/inst_ComplexMultiply/inst_real_mul_2/U0/i_synth/device_supports_dsp.use_multadd_dsp/dsp48_multadd.multadd_usecase_inst/i_synth_option.i_synth_model/opt_vx7.i_uniwrap/i_primitive: DSP48E1 is not using the D port (USE_DPORT = FALSE). For improved power characteristics, set DREG and ADREG to '1', tie CED, CEAD, and RSTD to logic '0'.
Related violations: <none>

AVAL-4#5 Advisory
enum_USE_DPORT_FALSE_enum_DREG_ADREG_0_connects_CED_CEAD_RSTD_GND  
fourier_bram_i/DFTStageWrapperRight/U0/inst_DFTStage/inst_ComplexMultiply/inst_imaginary_mul_1/U0/i_synth/device_supports_dsp.use_multadd_dsp/dsp48_multadd.multadd_usecase_inst/i_synth_option.i_synth_model/opt_vx7.i_uniwrap/i_primitive: DSP48E1 is not using the D port (USE_DPORT = FALSE). For improved power characteristics, set DREG and ADREG to '1', tie CED, CEAD, and RSTD to logic '0'.
Related violations: <none>

AVAL-4#6 Advisory
enum_USE_DPORT_FALSE_enum_DREG_ADREG_0_connects_CED_CEAD_RSTD_GND  
fourier_bram_i/DFTStageWrapperRight/U0/inst_DFTStage/inst_ComplexMultiply/inst_imaginary_mul_2/U0/i_synth/device_supports_dsp.use_multadd_dsp/dsp48_multadd.multadd_usecase_inst/i_synth_option.i_synth_model/opt_vx7.i_uniwrap/i_primitive: DSP48E1 is not using the D port (USE_DPORT = FALSE). For improved power characteristics, set DREG and ADREG to '1', tie CED, CEAD, and RSTD to logic '0'.
Related violations: <none>

AVAL-4#7 Advisory
enum_USE_DPORT_FALSE_enum_DREG_ADREG_0_connects_CED_CEAD_RSTD_GND  
fourier_bram_i/DFTStageWrapperRight/U0/inst_DFTStage/inst_ComplexMultiply/inst_real_mul_1/U0/i_synth/device_supports_dsp.use_multadd_dsp/dsp48_multadd.multadd_usecase_inst/i_synth_option.i_synth_model/opt_vx7.i_uniwrap/i_primitive: DSP48E1 is not using the D port (USE_DPORT = FALSE). For improved power characteristics, set DREG and ADREG to '1', tie CED, CEAD, and RSTD to logic '0'.
Related violations: <none>

AVAL-4#8 Advisory
enum_USE_DPORT_FALSE_enum_DREG_ADREG_0_connects_CED_CEAD_RSTD_GND  
fourier_bram_i/DFTStageWrapperRight/U0/inst_DFTStage/inst_ComplexMultiply/inst_real_mul_2/U0/i_synth/device_supports_dsp.use_multadd_dsp/dsp48_multadd.multadd_usecase_inst/i_synth_option.i_synth_model/opt_vx7.i_uniwrap/i_primitive: DSP48E1 is not using the D port (USE_DPORT = FALSE). For improved power characteristics, set DREG and ADREG to '1', tie CED, CEAD, and RSTD to logic '0'.
Related violations: <none>


