Copyright 1986-2018 Xilinx, Inc. All Rights Reserved.
----------------------------------------------------------------------------------------------------------------------------------------------------------------------------------
| Tool Version     : Vivado v.2018.3 (lin64) Build 2405991 Thu Dec  6 23:36:41 MST 2018
| Date             : Thu Jan 24 19:03:14 2019
| Host             : niklas-desktop running 64-bit Ubuntu 18.10
| Command          : report_power -file fourier_bram_wrapper_power_routed.rpt -pb fourier_bram_wrapper_power_summary_routed.pb -rpx fourier_bram_wrapper_power_routed.rpx
| Design           : fourier_bram_wrapper
| Device           : xc7z020clg484-1
| Design State     : routed
| Grade            : commercial
| Process          : typical
| Characterization : Production
----------------------------------------------------------------------------------------------------------------------------------------------------------------------------------

Power Report

Table of Contents
-----------------
1. Summary
1.1 On-Chip Components
1.2 Power Supply Summary
1.3 Confidence Level
2. Settings
2.1 Environment
2.2 Clock Constraints
3. Detailed Reports
3.1 By Hierarchy

1. Summary
----------

+--------------------------+--------------+
| Total On-Chip Power (W)  | 1.859        |
| Design Power Budget (W)  | Unspecified* |
| Power Budget Margin (W)  | NA           |
| Dynamic (W)              | 1.704        |
| Device Static (W)        | 0.154        |
| Effective TJA (C/W)      | 11.5         |
| Max Ambient (C)          | 63.6         |
| Junction Temperature (C) | 46.4         |
| Confidence Level         | Low          |
| Setting File             | ---          |
| Simulation Activity File | ---          |
| Design Nets Matched      | NA           |
+--------------------------+--------------+
* Specify Design Power Budget using, set_operating_conditions -design_power_budget <value in Watts>


1.1 On-Chip Components
----------------------

+--------------------------+-----------+----------+-----------+-----------------+
| On-Chip                  | Power (W) | Used     | Available | Utilization (%) |
+--------------------------+-----------+----------+-----------+-----------------+
| Clocks                   |     0.061 |        7 |       --- |             --- |
| Slice Logic              |     0.023 |    28598 |       --- |             --- |
|   LUT as Logic           |     0.019 |     8940 |     53200 |           16.80 |
|   Register               |     0.002 |    13388 |    106400 |           12.58 |
|   LUT as Distributed RAM |     0.002 |      752 |     17400 |            4.32 |
|   LUT as Shift Register  |    <0.001 |      722 |     17400 |            4.15 |
|   CARRY4                 |    <0.001 |      268 |     13300 |            2.02 |
|   F7/F8 Muxes            |    <0.001 |       18 |     53200 |            0.03 |
|   Others                 |     0.000 |     1618 |       --- |             --- |
| Signals                  |     0.032 |    19663 |       --- |             --- |
| Block RAM                |     0.045 |     24.5 |       140 |           17.50 |
| DSPs                     |     0.011 |        8 |       220 |            3.64 |
| I/O                      |     0.002 |       14 |       200 |            7.00 |
| PS7                      |     1.529 |        1 |       --- |             --- |
| Static Power             |     0.154 |          |           |                 |
| Total                    |     1.859 |          |           |                 |
+--------------------------+-----------+----------+-----------+-----------------+


1.2 Power Supply Summary
------------------------

+-----------+-------------+-----------+-------------+------------+
| Source    | Voltage (V) | Total (A) | Dynamic (A) | Static (A) |
+-----------+-------------+-----------+-------------+------------+
| Vccint    |       1.000 |     0.187 |       0.170 |      0.017 |
| Vccaux    |       1.800 |     0.016 |       0.000 |      0.016 |
| Vcco33    |       3.300 |     0.002 |       0.001 |      0.001 |
| Vcco25    |       2.500 |     0.001 |       0.000 |      0.001 |
| Vcco18    |       1.800 |     0.000 |       0.000 |      0.000 |
| Vcco15    |       1.500 |     0.000 |       0.000 |      0.000 |
| Vcco135   |       1.350 |     0.000 |       0.000 |      0.000 |
| Vcco12    |       1.200 |     0.000 |       0.000 |      0.000 |
| Vccaux_io |       1.800 |     0.000 |       0.000 |      0.000 |
| Vccbram   |       1.000 |     0.006 |       0.003 |      0.003 |
| MGTAVcc   |       1.000 |     0.000 |       0.000 |      0.000 |
| MGTAVtt   |       1.200 |     0.000 |       0.000 |      0.000 |
| MGTVccaux |       1.800 |     0.000 |       0.000 |      0.000 |
| Vccpint   |       1.000 |     0.750 |       0.718 |      0.032 |
| Vccpaux   |       1.800 |     0.061 |       0.051 |      0.010 |
| Vccpll    |       1.800 |     0.017 |       0.014 |      0.003 |
| Vcco_ddr  |       1.500 |     0.459 |       0.457 |      0.002 |
| Vcco_mio0 |       3.300 |     0.003 |       0.002 |      0.001 |
| Vcco_mio1 |       1.800 |     0.003 |       0.002 |      0.001 |
| Vccadc    |       1.800 |     0.020 |       0.000 |      0.020 |
+-----------+-------------+-----------+-------------+------------+


1.3 Confidence Level
--------------------

+-----------------------------+------------+--------------------------------------------------------+------------------------------------------------------------------------------------------------------------+
| User Input Data             | Confidence | Details                                                | Action                                                                                                     |
+-----------------------------+------------+--------------------------------------------------------+------------------------------------------------------------------------------------------------------------+
| Design implementation state | High       | Design is routed                                       |                                                                                                            |
| Clock nodes activity        | High       | User specified more than 95% of clocks                 |                                                                                                            |
| I/O nodes activity          | Low        | More than 75% of inputs are missing user specification | Provide missing input activity with simulation results or by editing the "By Resource Type -> I/Os" view   |
| Internal nodes activity     | Medium     | User specified less than 25% of internal nodes         | Provide missing internal nodes activity with simulation results or by editing the "By Resource Type" views |
| Device models               | High       | Device models are Production                           |                                                                                                            |
|                             |            |                                                        |                                                                                                            |
| Overall confidence level    | Low        |                                                        |                                                                                                            |
+-----------------------------+------------+--------------------------------------------------------+------------------------------------------------------------------------------------------------------------+


2. Settings
-----------

2.1 Environment
---------------

+-----------------------+------------------------+
| Ambient Temp (C)      | 25.0                   |
| ThetaJA (C/W)         | 11.5                   |
| Airflow (LFM)         | 250                    |
| Heat Sink             | none                   |
| ThetaSA (C/W)         | 0.0                    |
| Board Selection       | medium (10"x10")       |
| # of Board Layers     | 8to11 (8 to 11 Layers) |
| Board Temperature (C) | 25.0                   |
+-----------------------+------------------------+


2.2 Clock Constraints
---------------------

+--------------------------------------------------------------------------------------------+----------------------------------------------------------------------+-----------------+
| Clock                                                                                      | Domain                                                               | Constraint (ns) |
+--------------------------------------------------------------------------------------------+----------------------------------------------------------------------+-----------------+
| clk_fpga_0                                                                                 | fourier_bram_i/processing_system7_0/inst/FCLK_CLK_unbuffered[0]      |            10.0 |
| clk_fpga_1                                                                                 | fourier_bram_i/processing_system7_0/inst/FCLK_CLK_unbuffered[1]      |             7.0 |
| clk_fpga_2                                                                                 | fourier_bram_i/processing_system7_0/inst/FCLK_CLK_unbuffered[2]      |           100.0 |
| dbg_hub/inst/BSCANID.u_xsdbm_id/SWITCH_N_EXT_BSCAN.bscan_inst/SERIES7_BSCAN.bscan_inst/TCK | dbg_hub/inst/BSCANID.u_xsdbm_id/SWITCH_N_EXT_BSCAN.bscan_inst/tck_bs |            33.0 |
+--------------------------------------------------------------------------------------------+----------------------------------------------------------------------+-----------------+


3. Detailed Reports
-------------------

3.1 By Hierarchy
----------------

+--------------------------+-----------+
| Name                     | Power (W) |
+--------------------------+-----------+
| fourier_bram_wrapper     |     1.704 |
|   dbg_hub                |     0.003 |
|     inst                 |     0.003 |
|       BSCANID.u_xsdbm_id |     0.003 |
|   fourier_bram_i         |     1.699 |
|     DFTStageWrapperLeft  |     0.023 |
|       U0                 |     0.023 |
|     DFTStageWrapperRight |     0.023 |
|       U0                 |     0.023 |
|     Freq2BRAMLeft        |     0.004 |
|       U0                 |     0.004 |
|     Freq2BRAMRight       |     0.004 |
|       U0                 |     0.004 |
|     axiBramCtrlLeft      |     0.001 |
|       U0                 |     0.001 |
|     axiBramCtrlRight     |     0.001 |
|       U0                 |     0.001 |
|     axiSmc               |     0.064 |
|       inst               |     0.064 |
|     axi_bram_ctrl_0      |     0.001 |
|       U0                 |     0.001 |
|     axi_quad_spi_0       |     0.002 |
|       U0                 |     0.002 |
|     blkMemGenLeft        |     0.005 |
|       U0                 |     0.005 |
|     blkMemGenRight       |     0.005 |
|       U0                 |     0.005 |
|     blk_mem_gen_0        |     0.005 |
|       U0                 |     0.005 |
|     fifoLeft             |     0.001 |
|       U0                 |     0.001 |
|     fifoRight            |     0.001 |
|       U0                 |     0.001 |
|     ila_dft_domain       |     0.019 |
|       U0                 |     0.019 |
|     ila_i2c_domain       |     0.007 |
|       U0                 |     0.007 |
|     processing_system7_0 |     1.530 |
|       inst               |     1.530 |
+--------------------------+-----------+


